<?xml version="1.0" encoding="UTF-8" ?>
<testsuite tests="1" failures="0" name="com.cskaoyan.mytest.CustomTest" time="0" errors="1" skipped="0">
  <properties>
[...]
</properties>
  <testcase classname="com.cskaoyan.mytest.CustomTest" name="findAllTest" time="0">
    <error message="Failed to load ApplicationContext" type="java.lang.IllegalStateException">java.lang.IllegalStateException: Failed to load ApplicationContext
	at org.springframework.test.context.cache.DefaultCacheAwareContextLoaderDelegate.loadContext(DefaultCacheAwareContextLoaderDelegate.java:124)
	at org.springframework.test.context.support.DefaultTestContext.getApplicationContext(DefaultTestContext.java:83)
	at org.springframework.test.context.support.DependencyInjectionTestExecutionListener.injectDependencies(DependencyInjectionTestExecutionListener.java:117)
	at org.springframework.test.context.support.DependencyInjectionTestExecutionListener.prepareTestInstance(DependencyInjectionTestExecutionListener.java:83)
	at org.springframework.test.context.TestContextManager.prepareTestInstance(TestContextManager.java:230)
	at org.springframework.test.context.junit4.SpringJUnit4ClassRunner.createTest(SpringJUnit4ClassRunner.java:228)
	at org.springframework.test.context.junit4.SpringJUnit4ClassRunner$1.runReflectiveCall(SpringJUnit4ClassRunner.java:287)
	at org.junit.internal.runners.model.ReflectiveCallable.run(ReflectiveCallable.java:12)
	at org.springframework.test.context.junit4.SpringJUnit4ClassRunner.methodBlock(SpringJUnit4ClassRunner.java:289)
	at org.springframework.test.context.junit4.SpringJUnit4ClassRunner.runChild(SpringJUnit4ClassRunner.java:247)
	at org.springframework.test.context.junit4.SpringJUnit4ClassRunner.runChild(SpringJUnit4ClassRunner.java:94)
	at org.junit.runners.ParentRunner$3.run(ParentRunner.java:290)
	at org.junit.runners.ParentRunner$1.schedule(ParentRunner.java:71)
	at org.junit.runners.ParentRunner.runChildren(ParentRunner.java:288)
	at org.junit.runners.ParentRunner.access$000(ParentRunner.java:58)
	at org.junit.runners.ParentRunner$2.evaluate(ParentRunner.java:268)
	at org.springframework.test.context.junit4.statements.RunBeforeTestClassCallbacks.evaluate(RunBeforeTestClassCallbacks.java:61)
	at org.springframework.test.context.junit4.statements.RunAfterTestClassCallbacks.evaluate(RunAfterTestClassCallbacks.java:70)
	at org.junit.runners.ParentRunner.run(ParentRunner.java:363)
	at org.springframework.test.context.junit4.SpringJUnit4ClassRunner.run(SpringJUnit4ClassRunner.java:191)
	at org.apache.maven.surefire.junit4.JUnit4Provider.execute(JUnit4Provider.java:252)
	at org.apache.maven.surefire.junit4.JUnit4Provider.executeTestSet(JUnit4Provider.java:141)
	at org.apache.maven.surefire.junit4.JUnit4Provider.invoke(JUnit4Provider.java:112)
	at sun.reflect.NativeMethodAccessorImpl.invoke0(Native Method)
	at sun.reflect.NativeMethodAccessorImpl.invoke(NativeMethodAccessorImpl.java:62)
	at sun.reflect.DelegatingMethodAccessorImpl.invoke(DelegatingMethodAccessorImpl.java:43)
	at java.lang.reflect.Method.invoke(Method.java:498)
	at org.apache.maven.surefire.util.ReflectionUtils.invokeMethodWithArray(ReflectionUtils.java:189)
	at org.apache.maven.surefire.booter.ProviderFactory$ProviderProxy.invoke(ProviderFactory.java:165)
	at org.apache.maven.surefire.booter.ProviderFactory.invokeProvider(ProviderFactory.java:85)
	at org.apache.maven.surefire.booter.ForkedBooter.runSuitesInProcess(ForkedBooter.java:115)
	at org.apache.maven.surefire.booter.ForkedBooter.main(ForkedBooter.java:75)
Caused by: org.springframework.beans.factory.BeanCreationException: Error creating bean with name &apos;org.springframework.web.servlet.resource.ResourceHttpRequestHandler#0&apos;: Invocation of init method failed; nested exception is java.lang.IllegalStateException: WebApplicationObjectSupport instance [ResourceHttpRequestHandler [locations=[class path resource [WEB-INF/]], resolvers=[org.springframework.web.servlet.resource.PathResourceResolver@ec50f54]]] does not run in a WebApplicationContext but in: org.springframework.context.support.GenericApplicationContext@26a7b76d: startup date [Mon Dec 10 17:41:14 CST 2018]; root of context hierarchy
	at org.springframework.beans.factory.support.AbstractAutowireCapableBeanFactory.initializeBean(AbstractAutowireCapableBeanFactory.java:1710)
	at org.springframework.beans.factory.support.AbstractAutowireCapableBeanFactory.doCreateBean(AbstractAutowireCapableBeanFactory.java:583)
	at org.springframework.beans.factory.support.AbstractAutowireCapableBeanFactory.createBean(AbstractAutowireCapableBeanFactory.java:502)
	at org.springframework.beans.factory.support.AbstractBeanFactory.lambda$doGetBean$0(AbstractBeanFactory.java:312)
	at org.springframework.beans.factory.support.DefaultSingletonBeanRegistry.getSingleton(DefaultSingletonBeanRegistry.java:228)
	at org.springframework.beans.factory.support.AbstractBeanFactory.doGetBean(AbstractBeanFactory.java:310)
	at org.springframework.beans.factory.support.AbstractBeanFactory.getBean(AbstractBeanFactory.java:200)
	at org.springframework.beans.factory.support.DefaultListableBeanFactory.preInstantiateSingletons(DefaultListableBeanFactory.java:760)
	at org.springframework.context.support.AbstractApplicationContext.finishBeanFactoryInitialization(AbstractApplicationContext.java:868)
	at org.springframework.context.support.AbstractApplicationContext.refresh(AbstractApplicationContext.java:549)
	at org.springframework.test.context.support.AbstractGenericContextLoader.loadContext(AbstractGenericContextLoader.java:128)
	at org.springframework.test.context.support.AbstractGenericContextLoader.loadContext(AbstractGenericContextLoader.java:60)
	at org.springframework.test.context.support.AbstractDelegatingSmartContextLoader.delegateLoading(AbstractDelegatingSmartContextLoader.java:108)
	at org.springframework.test.context.support.AbstractDelegatingSmartContextLoader.loadContext(AbstractDelegatingSmartContextLoader.java:251)
	at org.springframework.test.context.cache.DefaultCacheAwareContextLoaderDelegate.loadContextInternal(DefaultCacheAwareContextLoaderDelegate.java:98)
	at org.springframework.test.context.cache.DefaultCacheAwareContextLoaderDelegate.loadContext(DefaultCacheAwareContextLoaderDelegate.java:116)
	... 31 more
Caused by: java.lang.IllegalStateException: WebApplicationObjectSupport instance [ResourceHttpRequestHandler [locations=[class path resource [WEB-INF/]], resolvers=[org.springframework.web.servlet.resource.PathResourceResolver@ec50f54]]] does not run in a WebApplicationContext but in: org.springframework.context.support.GenericApplicationContext@26a7b76d: startup date [Mon Dec 10 17:41:14 CST 2018]; root of context hierarchy
	at org.springframework.web.context.support.WebApplicationObjectSupport.getWebApplicationContext(WebApplicationObjectSupport.java:114)
	at org.springframework.web.context.support.WebApplicationObjectSupport.getServletContext(WebApplicationObjectSupport.java:133)
	at org.springframework.web.servlet.resource.ResourceHttpRequestHandler.initContentNegotiationStrategy(ResourceHttpRequestHandler.java:416)
	at org.springframework.web.servlet.resource.ResourceHttpRequestHandler.afterPropertiesSet(ResourceHttpRequestHandler.java:334)
	at org.springframework.beans.factory.support.AbstractAutowireCapableBeanFactory.invokeInitMethods(AbstractAutowireCapableBeanFactory.java:1769)
	at org.springframework.beans.factory.support.AbstractAutowireCapableBeanFactory.initializeBean(AbstractAutowireCapableBeanFactory.java:1706)
	... 46 more
</error>
    <system-out>17:41:13,462 DEBUG SpringJUnit4ClassRunner:140 - SpringJUnit4ClassRunner constructor called with [class com.cskaoyan.mytest.CustomTest]
17:41:13,478 DEBUG BootstrapUtils:95 - Instantiating CacheAwareContextLoaderDelegate from class [org.springframework.test.context.cache.DefaultCacheAwareContextLoaderDelegate]
17:41:13,494 DEBUG BootstrapUtils:78 - Instantiating BootstrapContext using constructor [public org.springframework.test.context.support.DefaultBootstrapContext(java.lang.Class,org.springframework.test.context.CacheAwareContextLoaderDelegate)]
17:41:13,509 DEBUG BootstrapUtils:131 - Instantiating TestContextBootstrapper for test class [com.cskaoyan.mytest.CustomTest] from class [org.springframework.test.context.support.DefaultTestContextBootstrapper]
17:41:13,556 DEBUG AbstractDelegatingSmartContextLoader:96 - Delegating to GenericXmlContextLoader to process context configuration [ContextConfigurationAttributes@4b952a2d declaringClass = &apos;com.cskaoyan.mytest.CustomTest&apos;, classes = &apos;{}&apos;, locations = &apos;{classpath:spring/applicationContext.xml}&apos;, inheritLocations = true, initializers = &apos;{}&apos;, inheritInitializers = true, name = [null], contextLoaderClass = &apos;org.springframework.test.context.ContextLoader&apos;].
17:41:13,572 DEBUG ActiveProfilesUtils:78 - Could not find an &apos;annotation declaring class&apos; for annotation type [org.springframework.test.context.ActiveProfiles] and class [com.cskaoyan.mytest.CustomTest]
17:41:13,572 DEBUG DefaultTestContextBootstrapper:132 - @TestExecutionListeners is not present for class [com.cskaoyan.mytest.CustomTest]: using defaults.
17:41:13,587  INFO DefaultTestContextBootstrapper:260 - Loaded default TestExecutionListener class names from location [META-INF/spring.factories]: [org.springframework.test.context.web.ServletTestExecutionListener, org.springframework.test.context.support.DirtiesContextBeforeModesTestExecutionListener, org.springframework.test.context.support.DependencyInjectionTestExecutionListener, org.springframework.test.context.support.DirtiesContextTestExecutionListener, org.springframework.test.context.transaction.TransactionalTestExecutionListener, org.springframework.test.context.jdbc.SqlScriptsTestExecutionListener]
17:41:13,619  INFO DefaultTestContextBootstrapper:187 - Using TestExecutionListeners: [org.springframework.test.context.web.ServletTestExecutionListener@5a1c0542, org.springframework.test.context.support.DirtiesContextBeforeModesTestExecutionListener@396f6598, org.springframework.test.context.support.DependencyInjectionTestExecutionListener@394e1a0f, org.springframework.test.context.support.DirtiesContextTestExecutionListener@27a5f880, org.springframework.test.context.transaction.TransactionalTestExecutionListener@1d29cf23, org.springframework.test.context.jdbc.SqlScriptsTestExecutionListener@5f282abb]
17:41:13,634 DEBUG ProfileValueUtils:68 - Retrieved @ProfileValueSourceConfiguration [null] for test class [com.cskaoyan.mytest.CustomTest]
17:41:13,634 DEBUG ProfileValueUtils:80 - Retrieved ProfileValueSource type [class org.springframework.test.annotation.SystemProfileValueSource] for class [com.cskaoyan.mytest.CustomTest]
17:41:13,634 DEBUG ProfileValueUtils:68 - Retrieved @ProfileValueSourceConfiguration [null] for test class [com.cskaoyan.mytest.CustomTest]
17:41:13,634 DEBUG ProfileValueUtils:80 - Retrieved ProfileValueSource type [class org.springframework.test.annotation.SystemProfileValueSource] for class [com.cskaoyan.mytest.CustomTest]
17:41:13,650 DEBUG AbstractDirtiesContextTestExecutionListener:141 - Before test class: context [DefaultTestContext@e320068 testClass = CustomTest, testInstance = [null], testMethod = [null], testException = [null], mergedContextConfiguration = [MergedContextConfiguration@1f57539 testClass = CustomTest, locations = &apos;{classpath:spring/applicationContext.xml}&apos;, classes = &apos;{}&apos;, contextInitializerClasses = &apos;[]&apos;, activeProfiles = &apos;{}&apos;, propertySourceLocations = &apos;{}&apos;, propertySourceProperties = &apos;{}&apos;, contextCustomizers = set[[empty]], contextLoader = &apos;org.springframework.test.context.support.DelegatingSmartContextLoader&apos;, parent = [null]]], class annotated with @DirtiesContext [false] with mode [null].
17:41:13,650 DEBUG ProfileValueUtils:68 - Retrieved @ProfileValueSourceConfiguration [null] for test class [com.cskaoyan.mytest.CustomTest]
17:41:13,650 DEBUG ProfileValueUtils:80 - Retrieved ProfileValueSource type [class org.springframework.test.annotation.SystemProfileValueSource] for class [com.cskaoyan.mytest.CustomTest]
17:41:13,650 DEBUG DependencyInjectionTestExecutionListener:81 - Performing dependency injection for test context [[DefaultTestContext@e320068 testClass = CustomTest, testInstance = com.cskaoyan.mytest.CustomTest@5faeada1, testMethod = [null], testException = [null], mergedContextConfiguration = [MergedContextConfiguration@1f57539 testClass = CustomTest, locations = &apos;{classpath:spring/applicationContext.xml}&apos;, classes = &apos;{}&apos;, contextInitializerClasses = &apos;[]&apos;, activeProfiles = &apos;{}&apos;, propertySourceLocations = &apos;{}&apos;, propertySourceProperties = &apos;{}&apos;, contextCustomizers = set[[empty]], contextLoader = &apos;org.springframework.test.context.support.DelegatingSmartContextLoader&apos;, parent = [null]]]].
17:41:13,650 DEBUG AbstractDelegatingSmartContextLoader:106 - Delegating to GenericXmlContextLoader to load context from [MergedContextConfiguration@1f57539 testClass = CustomTest, locations = &apos;{classpath:spring/applicationContext.xml}&apos;, classes = &apos;{}&apos;, contextInitializerClasses = &apos;[]&apos;, activeProfiles = &apos;{}&apos;, propertySourceLocations = &apos;{}&apos;, propertySourceProperties = &apos;{}&apos;, contextCustomizers = set[[empty]], contextLoader = &apos;org.springframework.test.context.support.DelegatingSmartContextLoader&apos;, parent = [null]].
17:41:13,650 DEBUG AbstractGenericContextLoader:109 - Loading ApplicationContext for merged context configuration [[MergedContextConfiguration@1f57539 testClass = CustomTest, locations = &apos;{classpath:spring/applicationContext.xml}&apos;, classes = &apos;{}&apos;, contextInitializerClasses = &apos;[]&apos;, activeProfiles = &apos;{}&apos;, propertySourceLocations = &apos;{}&apos;, propertySourceProperties = &apos;{}&apos;, contextCustomizers = set[[empty]], contextLoader = &apos;org.springframework.test.context.support.DelegatingSmartContextLoader&apos;, parent = [null]]].
17:41:13,712 DEBUG StandardEnvironment:109 - Adding PropertySource &apos;systemProperties&apos; with lowest search precedence
17:41:13,728 DEBUG StandardEnvironment:109 - Adding PropertySource &apos;systemEnvironment&apos; with lowest search precedence
17:41:13,728 DEBUG StandardEnvironment:125 - Initialized StandardEnvironment with PropertySources [MapPropertySource@385337537 {name=&apos;systemProperties&apos;, properties={idea.version=2018.2.4, java.runtime.name=Java(TM) SE Runtime Environment, sun.boot.library.path=C:\Program Files\Java\jdk1.8.0_181\jre\bin, java.vm.version=25.181-b13, java.vm.vendor=Oracle Corporation, java.vendor.url=http://java.oracle.com/, path.separator=;, java.vm.name=Java HotSpot(TM) 64-Bit Server VM, file.encoding.pkg=sun.io, user.country=CN, user.script=, sun.java.launcher=SUN_STANDARD, sun.os.patch.level=, java.vm.specification.name=Java Virtual Machine Specification, user.dir=C:\Users\DELL\IdeaProjects\Production_ERP, java.runtime.version=1.8.0_181-b13, basedir=C:\Users\DELL\IdeaProjects\Production_ERP, java.awt.graphicsenv=sun.awt.Win32GraphicsEnvironment, java.endorsed.dirs=C:\Program Files\Java\jdk1.8.0_181\jre\lib\endorsed, os.arch=amd64, surefire.real.class.path=C:\Users\DELL\IdeaProjects\Production_ERP\target\surefire\surefirebooter6637566884203790206.jar, java.io.tmpdir=C:\Users\DELL\AppData\Local\Temp\, line.separator=
, java.vm.specification.vendor=Oracle Corporation, user.variant=, os.name=Windows 10, sun.jnu.encoding=GBK, java.library.path=C:\Program Files\Java\jdk1.8.0_181\jre\bin;C:\WINDOWS\Sun\Java\bin;C:\WINDOWS\system32;C:\WINDOWS;C:\Program Files\Java\jdk1.8.0_181\bin;C:\Program Files (x86)\Common Files\Oracle\Java\javapath;C:\Program Files (x86)\apache-maven-3.5.3\bin;C:\Program Files\MySQL\MySQL Server 5.7\bin;C:\ProgramData\Oracle\Java\javapath;C:\Program Files (x86)\Intel\iCLS Client\;C:\Program Files\Intel\iCLS Client\;C:\WINDOWS\system32;C:\WINDOWS;C:\WINDOWS\System32\Wbem;C:\WINDOWS\System32\WindowsPowerShell\v1.0\;C:\Program Files (x86)\Intel\Intel(R) Management Engine Components\DAL;C:\Program Files\Intel\Intel(R) Management Engine Components\DAL;C:\Program Files (x86)\Intel\Intel(R) Management Engine Components\IPT;C:\Program Files\Intel\Intel(R) Management Engine Components\IPT;C:\Program Files\MySQL\MySQL Utilities 1.6\;C:\Program Files\PuTTY\;C:\WINDOWS\System32\OpenSSH\;C:\WINDOWS\system32\config\systemprofile\.dnx\bin;C:\Program Files\Microsoft DNX\Dnvm\;C:\Program Files (x86)\Windows Kits\8.1\Windows Performance Toolkit\;C:\Program Files\Microsoft SQL Server\130\Tools\Binn\;C:\Program Files\Intel\WiFi\bin\;C:\Program Files\Common Files\Intel\WirelessCommon\;C:\Users\DELL\AppData\Local\Microsoft\WindowsApps;;C:\Program Files\Microsoft VS Code\bin;., surefire.test.class.path=C:\Users\DELL\IdeaProjects\Production_ERP\target\test-classes;C:\Users\DELL\IdeaProjects\Production_ERP\target\classes;C:\Users\DELL\.m2\repository\junit\junit\4.12\junit-4.12.jar;C:\Users\DELL\.m2\repository\org\hamcrest\hamcrest-core\1.3\hamcrest-core-1.3.jar;C:\Users\DELL\.m2\repository\org\springframework\spring-webmvc\5.0.4.RELEASE\spring-webmvc-5.0.4.RELEASE.jar;C:\Users\DELL\.m2\repository\org\springframework\spring-aop\5.0.4.RELEASE\spring-aop-5.0.4.RELEASE.jar;C:\Users\DELL\.m2\repository\org\springframework\spring-beans\5.0.4.RELEASE\spring-beans-5.0.4.RELEASE.jar;C:\Users\DELL\.m2\repository\org\springframework\spring-context\5.0.4.RELEASE\spring-context-5.0.4.RELEASE.jar;C:\Users\DELL\.m2\repository\org\springframework\spring-core\5.0.4.RELEASE\spring-core-5.0.4.RELEASE.jar;C:\Users\DELL\.m2\repository\org\springframework\spring-jcl\5.0.4.RELEASE\spring-jcl-5.0.4.RELEASE.jar;C:\Users\DELL\.m2\repository\org\springframework\spring-expression\5.0.4.RELEASE\spring-expression-5.0.4.RELEASE.jar;C:\Users\DELL\.m2\repository\org\springframework\spring-web\5.0.4.RELEASE\spring-web-5.0.4.RELEASE.jar;C:\Users\DELL\.m2\repository\mysql\mysql-connector-java\8.0.11\mysql-connector-java-8.0.11.jar;C:\Users\DELL\.m2\repository\com\google\protobuf\protobuf-java\2.6.0\protobuf-java-2.6.0.jar;C:\Users\DELL\.m2\repository\org\springframework\spring-tx\5.0.4.RELEASE\spring-tx-5.0.4.RELEASE.jar;C:\Users\DELL\.m2\repository\commons-logging\commons-logging\1.2\commons-logging-1.2.jar;C:\Users\DELL\.m2\repository\org\mybatis\mybatis\3.4.4\mybatis-3.4.4.jar;C:\Users\DELL\.m2\repository\org\mybatis\mybatis-spring\1.3.2\mybatis-spring-1.3.2.jar;C:\Users\DELL\.m2\repository\org\slf4j\slf4j-log4j12\1.6.4\slf4j-log4j12-1.6.4.jar;C:\Users\DELL\.m2\repository\org\slf4j\slf4j-api\1.6.4\slf4j-api-1.6.4.jar;C:\Users\DELL\.m2\repository\log4j\log4j\1.2.16\log4j-1.2.16.jar;C:\Users\DELL\.m2\repository\com\alibaba\druid\1.1.8\druid-1.1.8.jar;C:\Users\DELL\.m2\repository\commons-fileupload\commons-fileupload\1.3.1\commons-fileupload-1.3.1.jar;C:\Users\DELL\.m2\repository\commons-io\commons-io\2.2\commons-io-2.2.jar;C:\Users\DELL\.m2\repository\org\springframework\spring-aspects\5.0.4.RELEASE\spring-aspects-5.0.4.RELEASE.jar;C:\Users\DELL\.m2\repository\org\aspectj\aspectjweaver\1.9.0\aspectjweaver-1.9.0.jar;C:\Users\DELL\.m2\repository\org\glassfish\web\javax.servlet.jsp.jstl\1.2.4\javax.servlet.jsp.jstl-1.2.4.jar;C:\Users\DELL\.m2\repository\javax\servlet\jsp\jstl\jstl-api\1.2\jstl-api-1.2.jar;C:\Users\DELL\.m2\repository\javax\servlet\servlet-api\2.5\servlet-api-2.5.jar;C:\Users\DELL\.m2\repository\javax\servlet\jsp\jsp-api\2.1\jsp-api-2.1.jar;C:\Users\DELL\.m2\repository\org\springframework\spring-test\4.3.7.RELEASE\spring-test-4.3.7.RELEASE.jar;C:\Users\DELL\.m2\repository\org\springframework\spring-jdbc\5.0.4.RELEASE\spring-jdbc-5.0.4.RELEASE.jar;C:\Users\DELL\.m2\repository\jsptags\pager-taglib\2.0\pager-taglib-2.0.jar;C:\Users\DELL\.m2\repository\com\fasterxml\jackson\core\jackson-core\2.9.4\jackson-core-2.9.4.jar;C:\Users\DELL\.m2\repository\com\fasterxml\jackson\core\jackson-databind\2.9.4\jackson-databind-2.9.4.jar;C:\Users\DELL\.m2\repository\com\fasterxml\jackson\core\jackson-annotations\2.9.0\jackson-annotations-2.9.0.jar;C:\Users\DELL\.m2\repository\org\apache\shiro\shiro-web\1.2.6\shiro-web-1.2.6.jar;C:\Users\DELL\.m2\repository\org\apache\shiro\shiro-core\1.2.6\shiro-core-1.2.6.jar;C:\Users\DELL\.m2\repository\commons-beanutils\commons-beanutils\1.8.3\commons-beanutils-1.8.3.jar;C:\Users\DELL\.m2\repository\org\hibernate\hibernate-validator\5.1.0.Final\hibernate-validator-5.1.0.Final.jar;C:\Users\DELL\.m2\repository\org\jboss\logging\jboss-logging\3.1.3.GA\jboss-logging-3.1.3.GA.jar;C:\Users\DELL\.m2\repository\com\fasterxml\classmate\1.0.0\classmate-1.0.0.jar;C:\Users\DELL\.m2\repository\javax\validation\validation-api\1.1.0.Final\validation-api-1.1.0.Final.jar;C:\Users\DELL\.m2\repository\com\github\pagehelper\pagehelper\5.1.8\pagehelper-5.1.8.jar;C:\Users\DELL\.m2\repository\com\github\jsqlparser\jsqlparser\1.2\jsqlparser-1.2.jar;, java.specification.name=Java Platform API Specification, java.class.version=52.0, sun.management.compiler=HotSpot 64-Bit Tiered Compilers, os.version=10.0, user.home=C:\Users\DELL, user.timezone=Asia/Shanghai, java.awt.printerjob=sun.awt.windows.WPrinterJob, file.encoding=GBK, java.specification.version=1.8, java.class.path=C:\Users\DELL\IdeaProjects\Production_ERP\target\test-classes;C:\Users\DELL\IdeaProjects\Production_ERP\target\classes;C:\Users\DELL\.m2\repository\junit\junit\4.12\junit-4.12.jar;C:\Users\DELL\.m2\repository\org\hamcrest\hamcrest-core\1.3\hamcrest-core-1.3.jar;C:\Users\DELL\.m2\repository\org\springframework\spring-webmvc\5.0.4.RELEASE\spring-webmvc-5.0.4.RELEASE.jar;C:\Users\DELL\.m2\repository\org\springframework\spring-aop\5.0.4.RELEASE\spring-aop-5.0.4.RELEASE.jar;C:\Users\DELL\.m2\repository\org\springframework\spring-beans\5.0.4.RELEASE\spring-beans-5.0.4.RELEASE.jar;C:\Users\DELL\.m2\repository\org\springframework\spring-context\5.0.4.RELEASE\spring-context-5.0.4.RELEASE.jar;C:\Users\DELL\.m2\repository\org\springframework\spring-core\5.0.4.RELEASE\spring-core-5.0.4.RELEASE.jar;C:\Users\DELL\.m2\repository\org\springframework\spring-jcl\5.0.4.RELEASE\spring-jcl-5.0.4.RELEASE.jar;C:\Users\DELL\.m2\repository\org\springframework\spring-expression\5.0.4.RELEASE\spring-expression-5.0.4.RELEASE.jar;C:\Users\DELL\.m2\repository\org\springframework\spring-web\5.0.4.RELEASE\spring-web-5.0.4.RELEASE.jar;C:\Users\DELL\.m2\repository\mysql\mysql-connector-java\8.0.11\mysql-connector-java-8.0.11.jar;C:\Users\DELL\.m2\repository\com\google\protobuf\protobuf-java\2.6.0\protobuf-java-2.6.0.jar;C:\Users\DELL\.m2\repository\org\springframework\spring-tx\5.0.4.RELEASE\spring-tx-5.0.4.RELEASE.jar;C:\Users\DELL\.m2\repository\commons-logging\commons-logging\1.2\commons-logging-1.2.jar;C:\Users\DELL\.m2\repository\org\mybatis\mybatis\3.4.4\mybatis-3.4.4.jar;C:\Users\DELL\.m2\repository\org\mybatis\mybatis-spring\1.3.2\mybatis-spring-1.3.2.jar;C:\Users\DELL\.m2\repository\org\slf4j\slf4j-log4j12\1.6.4\slf4j-log4j12-1.6.4.jar;C:\Users\DELL\.m2\repository\org\slf4j\slf4j-api\1.6.4\slf4j-api-1.6.4.jar;C:\Users\DELL\.m2\repository\log4j\log4j\1.2.16\log4j-1.2.16.jar;C:\Users\DELL\.m2\repository\com\alibaba\druid\1.1.8\druid-1.1.8.jar;C:\Users\DELL\.m2\repository\commons-fileupload\commons-fileupload\1.3.1\commons-fileupload-1.3.1.jar;C:\Users\DELL\.m2\repository\commons-io\commons-io\2.2\commons-io-2.2.jar;C:\Users\DELL\.m2\repository\org\springframework\spring-aspects\5.0.4.RELEASE\spring-aspects-5.0.4.RELEASE.jar;C:\Users\DELL\.m2\repository\org\aspectj\aspectjweaver\1.9.0\aspectjweaver-1.9.0.jar;C:\Users\DELL\.m2\repository\org\glassfish\web\javax.servlet.jsp.jstl\1.2.4\javax.servlet.jsp.jstl-1.2.4.jar;C:\Users\DELL\.m2\repository\javax\servlet\jsp\jstl\jstl-api\1.2\jstl-api-1.2.jar;C:\Users\DELL\.m2\repository\javax\servlet\servlet-api\2.5\servlet-api-2.5.jar;C:\Users\DELL\.m2\repository\javax\servlet\jsp\jsp-api\2.1\jsp-api-2.1.jar;C:\Users\DELL\.m2\repository\org\springframework\spring-test\4.3.7.RELEASE\spring-test-4.3.7.RELEASE.jar;C:\Users\DELL\.m2\repository\org\springframework\spring-jdbc\5.0.4.RELEASE\spring-jdbc-5.0.4.RELEASE.jar;C:\Users\DELL\.m2\repository\jsptags\pager-taglib\2.0\pager-taglib-2.0.jar;C:\Users\DELL\.m2\repository\com\fasterxml\jackson\core\jackson-core\2.9.4\jackson-core-2.9.4.jar;C:\Users\DELL\.m2\repository\com\fasterxml\jackson\core\jackson-databind\2.9.4\jackson-databind-2.9.4.jar;C:\Users\DELL\.m2\repository\com\fasterxml\jackson\core\jackson-annotations\2.9.0\jackson-annotations-2.9.0.jar;C:\Users\DELL\.m2\repository\org\apache\shiro\shiro-web\1.2.6\shiro-web-1.2.6.jar;C:\Users\DELL\.m2\repository\org\apache\shiro\shiro-core\1.2.6\shiro-core-1.2.6.jar;C:\Users\DELL\.m2\repository\commons-beanutils\commons-beanutils\1.8.3\commons-beanutils-1.8.3.jar;C:\Users\DELL\.m2\repository\org\hibernate\hibernate-validator\5.1.0.Final\hibernate-validator-5.1.0.Final.jar;C:\Users\DELL\.m2\repository\org\jboss\logging\jboss-logging\3.1.3.GA\jboss-logging-3.1.3.GA.jar;C:\Users\DELL\.m2\repository\com\fasterxml\classmate\1.0.0\classmate-1.0.0.jar;C:\Users\DELL\.m2\repository\javax\validation\validation-api\1.1.0.Final\validation-api-1.1.0.Final.jar;C:\Users\DELL\.m2\repository\com\github\pagehelper\pagehelper\5.1.8\pagehelper-5.1.8.jar;C:\Users\DELL\.m2\repository\com\github\jsqlparser\jsqlparser\1.2\jsqlparser-1.2.jar;, user.name=DELL, java.vm.specification.version=1.8, sun.java.command=C:\Users\DELL\IdeaProjects\Production_ERP\target\surefire\surefirebooter6637566884203790206.jar C:\Users\DELL\IdeaProjects\Production_ERP\target\surefire\surefire1716814721053629152tmp C:\Users\DELL\IdeaProjects\Production_ERP\target\surefire\surefire_06265196878877750406tmp, java.home=C:\Program Files\Java\jdk1.8.0_181\jre, sun.arch.data.model=64, user.language=zh, java.specification.vendor=Oracle Corporation, awt.toolkit=sun.awt.windows.WToolkit, java.vm.info=mixed mode, java.version=1.8.0_181, java.ext.dirs=C:\Program Files\Java\jdk1.8.0_181\jre\lib\ext;C:\WINDOWS\Sun\Java\lib\ext, sun.boot.class.path=C:\Program Files\Java\jdk1.8.0_181\jre\lib\resources.jar;C:\Program Files\Java\jdk1.8.0_181\jre\lib\rt.jar;C:\Program Files\Java\jdk1.8.0_181\jre\lib\sunrsasign.jar;C:\Program Files\Java\jdk1.8.0_181\jre\lib\jsse.jar;C:\Program Files\Java\jdk1.8.0_181\jre\lib\jce.jar;C:\Program Files\Java\jdk1.8.0_181\jre\lib\charsets.jar;C:\Program Files\Java\jdk1.8.0_181\jre\lib\jfr.jar;C:\Program Files\Java\jdk1.8.0_181\jre\classes, java.vendor=Oracle Corporation, localRepository=C:\Users\DELL\.m2\repository, file.separator=\, java.vendor.url.bug=http://bugreport.sun.com/bugreport/, sun.io.unicode.encoding=UnicodeLittle, sun.cpu.endian=little, sun.desktop=windows, sun.cpu.isalist=amd64}}, SystemEnvironmentPropertySource@789219251 {name=&apos;systemEnvironment&apos;, properties={PATH=C:\Program Files\Java\jdk1.8.0_181\bin;C:\Program Files (x86)\Common Files\Oracle\Java\javapath;C:\Program Files (x86)\apache-maven-3.5.3\bin;C:\Program Files\MySQL\MySQL Server 5.7\bin;C:\ProgramData\Oracle\Java\javapath;C:\Program Files (x86)\Intel\iCLS Client\;C:\Program Files\Intel\iCLS Client\;C:\WINDOWS\system32;C:\WINDOWS;C:\WINDOWS\System32\Wbem;C:\WINDOWS\System32\WindowsPowerShell\v1.0\;C:\Program Files (x86)\Intel\Intel(R) Management Engine Components\DAL;C:\Program Files\Intel\Intel(R) Management Engine Components\DAL;C:\Program Files (x86)\Intel\Intel(R) Management Engine Components\IPT;C:\Program Files\Intel\Intel(R) Management Engine Components\IPT;C:\Program Files\MySQL\MySQL Utilities 1.6\;C:\Program Files\PuTTY\;C:\WINDOWS\System32\OpenSSH\;C:\WINDOWS\system32\config\systemprofile\.dnx\bin;C:\Program Files\Microsoft DNX\Dnvm\;C:\Program Files (x86)\Windows Kits\8.1\Windows Performance Toolkit\;C:\Program Files\Microsoft SQL Server\130\Tools\Binn\;C:\Program Files\Intel\WiFi\bin\;C:\Program Files\Common Files\Intel\WirelessCommon\;C:\Users\DELL\AppData\Local\Microsoft\WindowsApps;;C:\Program Files\Microsoft VS Code\bin, USERDOMAIN_ROAMINGPROFILE=LZH, PROCESSOR_LEVEL=6, SYSTEMDRIVE=C:, VS140COMNTOOLS=C:\Program Files (x86)\Microsoft Visual Studio 14.0\Common7\Tools\, SESSIONNAME=Console, ALLUSERSPROFILE=C:\ProgramData, PROCESSOR_ARCHITECTURE=AMD64, DRIVERDATA=C:\Windows\System32\Drivers\DriverData, PROGRAMFILES=C:\Program Files, PSMODULEPATH=C:\Program Files\WindowsPowerShell\Modules;C:\WINDOWS\system32\WindowsPowerShell\v1.0\Modules, PROGRAMDATA=C:\ProgramData, USERNAME=DELL, GPU_USE_SYNC_OBJECTS=1, GPU_MAX_ALLOC_PERCENT=100, FPS_BROWSER_USER_PROFILE_STRING=Default, ONEDRIVE=C:\Users\DELL\OneDrive, PATHEXT=.COM;.EXE;.BAT;.CMD;.VBS;.VBE;.JS;.JSE;.WSF;.WSH;.MSC, WINDIR=C:\WINDOWS, HOMEPATH=\Users\DELL, PROCESSOR_IDENTIFIER=Intel64 Family 6 Model 142 Stepping 9, GenuineIntel, PUBLIC=C:\Users\Public, =::=::\, GPU_MAX_HEAP_SIZE=100, LOCALAPPDATA=C:\Users\DELL\AppData\Local, GPU_SINGLE_ALLOC_PERCENT=100, COMMONPROGRAMFILES(X86)=C:\Program Files (x86)\Common Files, GPU_FORCE_64BIT_PTR=0, USERDOMAIN=LZH, FPS_BROWSER_APP_PROFILE_STRING=Internet Explorer, LOGONSERVER=\\LZH, JAVA_HOME=C:\Program Files\Java\jdk1.8.0_181, PROMPT=$P$G, PROGRAMFILES(X86)=C:\Program Files (x86), =C:=C:\Users\DELL\IdeaProjects\Production_ERP, APPDATA=C:\Users\DELL\AppData\Roaming, PROGRAMW6432=C:\Program Files, SYSTEMROOT=C:\WINDOWS, OS=Windows_NT, COMMONPROGRAMW6432=C:\Program Files\Common Files, COMPUTERNAME=LZH, COMMONPROGRAMFILES=C:\Program Files\Common Files, COMSPEC=C:\WINDOWS\system32\cmd.exe, PROCESSOR_REVISION=8e09, CLASSPATH=C:\Program Files\Java\jdk1.8.0_181\lib, TEMP=C:\Users\DELL\AppData\Local\Temp, HOMEDRIVE=C:, USERPROFILE=C:\Users\DELL, TMP=C:\Users\DELL\AppData\Local\Temp, NUMBER_OF_PROCESSORS=4}}]
17:41:13,744  INFO XmlBeanDefinitionReader:316 - Loading XML bean definitions from class path resource [spring/applicationContext.xml]
17:41:13,790 DEBUG DefaultDocumentLoader:74 - Using JAXP provider [com.sun.org.apache.xerces.internal.jaxp.DocumentBuilderFactoryImpl]
17:41:13,822 DEBUG PluggableSchemaResolver:147 - Loading schema mappings from [META-INF/spring.schemas]
17:41:13,822 DEBUG PluggableSchemaResolver:153 - Loaded schema mappings: {http://www.springframework.org/schema/tx/spring-tx-4.3.xsd=org/springframework/transaction/config/spring-tx.xsd, http://www.springframework.org/schema/tx/spring-tx-2.5.xsd=org/springframework/transaction/config/spring-tx.xsd, http://www.springframework.org/schema/cache/spring-cache-4.2.xsd=org/springframework/cache/config/spring-cache.xsd, http://www.springframework.org/schema/aop/spring-aop-4.1.xsd=org/springframework/aop/config/spring-aop.xsd, http://www.springframework.org/schema/context/spring-context-3.1.xsd=org/springframework/context/config/spring-context.xsd, http://www.springframework.org/schema/jdbc/spring-jdbc-4.1.xsd=org/springframework/jdbc/config/spring-jdbc.xsd, http://www.springframework.org/schema/util/spring-util-3.0.xsd=org/springframework/beans/factory/xml/spring-util.xsd, http://www.springframework.org/schema/mvc/spring-mvc-4.1.xsd=org/springframework/web/servlet/config/spring-mvc.xsd, http://mybatis.org/schema/mybatis-spring-1.2.xsd=org/mybatis/spring/config/mybatis-spring-1.2.xsd, http://www.springframework.org/schema/tool/spring-tool.xsd=org/springframework/beans/factory/xml/spring-tool.xsd, http://www.springframework.org/schema/aop/spring-aop-3.2.xsd=org/springframework/aop/config/spring-aop.xsd, http://www.springframework.org/schema/lang/spring-lang-4.1.xsd=org/springframework/scripting/config/spring-lang.xsd, http://www.springframework.org/schema/context/spring-context-4.0.xsd=org/springframework/context/config/spring-context.xsd, http://www.springframework.org/schema/mvc/spring-mvc-3.2.xsd=org/springframework/web/servlet/config/spring-mvc.xsd, http://www.springframework.org/schema/beans/spring-beans-4.2.xsd=org/springframework/beans/factory/xml/spring-beans.xsd, http://www.springframework.org/schema/tool/spring-tool-4.1.xsd=org/springframework/beans/factory/xml/spring-tool.xsd, http://www.springframework.org/schema/lang/spring-lang-3.2.xsd=org/springframework/scripting/config/spring-lang.xsd, http://www.springframework.org/schema/cache/spring-cache-3.2.xsd=org/springframework/cache/config/spring-cache.xsd, http://www.springframework.org/schema/jee/spring-jee-4.1.xsd=org/springframework/ejb/config/spring-jee.xsd, http://www.springframework.org/schema/jdbc/spring-jdbc-3.1.xsd=org/springframework/jdbc/config/spring-jdbc.xsd, http://www.springframework.org/schema/task/spring-task-4.2.xsd=org/springframework/scheduling/config/spring-task.xsd, http://www.springframework.org/schema/util/spring-util-2.0.xsd=org/springframework/beans/factory/xml/spring-util.xsd, http://www.springframework.org/schema/tool/spring-tool-3.2.xsd=org/springframework/beans/factory/xml/spring-tool.xsd, http://www.springframework.org/schema/context/spring-context.xsd=org/springframework/context/config/spring-context.xsd, http://www.springframework.org/schema/tx/spring-tx-4.2.xsd=org/springframework/transaction/config/spring-tx.xsd, http://www.springframework.org/schema/cache/spring-cache-4.1.xsd=org/springframework/cache/config/spring-cache.xsd, http://www.springframework.org/schema/aop/spring-aop-4.0.xsd=org/springframework/aop/config/spring-aop.xsd, http://www.springframework.org/schema/jee/spring-jee-3.2.xsd=org/springframework/ejb/config/spring-jee.xsd, http://www.springframework.org/schema/context/spring-context-3.0.xsd=org/springframework/context/config/spring-context.xsd, http://www.springframework.org/schema/jdbc/spring-jdbc-4.0.xsd=org/springframework/jdbc/config/spring-jdbc.xsd, http://www.springframework.org/schema/util/spring-util-2.5.xsd=org/springframework/beans/factory/xml/spring-util.xsd, http://www.springframework.org/schema/mvc/spring-mvc-4.0.xsd=org/springframework/web/servlet/config/spring-mvc.xsd, http://www.springframework.org/schema/util/spring-util-4.3.xsd=org/springframework/beans/factory/xml/spring-util.xsd, http://www.springframework.org/schema/beans/spring-beans-3.2.xsd=org/springframework/beans/factory/xml/spring-beans.xsd, http://www.springframework.org/schema/aop/spring-aop-3.1.xsd=org/springframework/aop/config/spring-aop.xsd, http://www.springframework.org/schema/lang/spring-lang-4.0.xsd=org/springframework/scripting/config/spring-lang.xsd, http://www.springframework.org/schema/mvc/spring-mvc.xsd=org/springframework/web/servlet/config/spring-mvc.xsd, http://www.springframework.org/schema/mvc/spring-mvc-3.1.xsd=org/springframework/web/servlet/config/spring-mvc.xsd, http://www.springframework.org/schema/beans/spring-beans-4.1.xsd=org/springframework/beans/factory/xml/spring-beans.xsd, http://www.springframework.org/schema/tool/spring-tool-4.0.xsd=org/springframework/beans/factory/xml/spring-tool.xsd, http://www.springframework.org/schema/tx/spring-tx-3.2.xsd=org/springframework/transaction/config/spring-tx.xsd, http://www.springframework.org/schema/lang/spring-lang-3.1.xsd=org/springframework/scripting/config/spring-lang.xsd, http://www.springframework.org/schema/cache/spring-cache-3.1.xsd=org/springframework/cache/config/spring-cache.xsd, http://www.springframework.org/schema/jee/spring-jee-4.0.xsd=org/springframework/ejb/config/spring-jee.xsd, http://www.springframework.org/schema/jdbc/spring-jdbc-3.0.xsd=org/springframework/jdbc/config/spring-jdbc.xsd, http://www.springframework.org/schema/task/spring-task-4.1.xsd=org/springframework/scheduling/config/spring-task.xsd, http://www.springframework.org/schema/jdbc/spring-jdbc.xsd=org/springframework/jdbc/config/spring-jdbc.xsd, http://www.springframework.org/schema/tool/spring-tool-3.1.xsd=org/springframework/beans/factory/xml/spring-tool.xsd, http://www.springframework.org/schema/tx/spring-tx-4.1.xsd=org/springframework/transaction/config/spring-tx.xsd, http://www.springframework.org/schema/cache/spring-cache-4.0.xsd=org/springframework/cache/config/spring-cache.xsd, http://www.springframework.org/schema/jee/spring-jee-3.1.xsd=org/springframework/ejb/config/spring-jee.xsd, http://www.springframework.org/schema/task/spring-task-3.2.xsd=org/springframework/scheduling/config/spring-task.xsd, http://www.springframework.org/schema/util/spring-util-4.2.xsd=org/springframework/beans/factory/xml/spring-util.xsd, http://www.springframework.org/schema/beans/spring-beans-3.1.xsd=org/springframework/beans/factory/xml/spring-beans.xsd, http://www.springframework.org/schema/util/spring-util.xsd=org/springframework/beans/factory/xml/spring-util.xsd, http://www.springframework.org/schema/aop/spring-aop-3.0.xsd=org/springframework/aop/config/spring-aop.xsd, http://www.springframework.org/schema/mvc/spring-mvc-3.0.xsd=org/springframework/web/servlet/config/spring-mvc.xsd, http://www.springframework.org/schema/beans/spring-beans-4.0.xsd=org/springframework/beans/factory/xml/spring-beans.xsd, http://www.springframework.org/schema/beans/spring-beans.xsd=org/springframework/beans/factory/xml/spring-beans.xsd, http://mybatis.org/schema/mybatis-spring.xsd=org/mybatis/spring/config/mybatis-spring-1.2.xsd, http://www.springframework.org/schema/tx/spring-tx-3.1.xsd=org/springframework/transaction/config/spring-tx.xsd, http://www.springframework.org/schema/lang/spring-lang-3.0.xsd=org/springframework/scripting/config/spring-lang.xsd, http://www.springframework.org/schema/context/spring-context-2.5.xsd=org/springframework/context/config/spring-context.xsd, http://www.springframework.org/schema/context/spring-context-4.3.xsd=org/springframework/context/config/spring-context.xsd, http://www.springframework.org/schema/task/spring-task-4.0.xsd=org/springframework/scheduling/config/spring-task.xsd, http://www.springframework.org/schema/tool/spring-tool-3.0.xsd=org/springframework/beans/factory/xml/spring-tool.xsd, http://www.springframework.org/schema/tx/spring-tx-4.0.xsd=org/springframework/transaction/config/spring-tx.xsd, http://www.springframework.org/schema/aop/spring-aop-2.0.xsd=org/springframework/aop/config/spring-aop.xsd, http://www.springframework.org/schema/jee/spring-jee-3.0.xsd=org/springframework/ejb/config/spring-jee.xsd, http://www.springframework.org/schema/task/spring-task-3.1.xsd=org/springframework/scheduling/config/spring-task.xsd, http://www.springframework.org/schema/util/spring-util-4.1.xsd=org/springframework/beans/factory/xml/spring-util.xsd, http://www.springframework.org/schema/beans/spring-beans-3.0.xsd=org/springframework/beans/factory/xml/spring-beans.xsd, http://www.springframework.org/schema/jee/spring-jee.xsd=org/springframework/ejb/config/spring-jee.xsd, http://www.springframework.org/schema/aop/spring-aop-2.5.xsd=org/springframework/aop/config/spring-aop.xsd, http://www.springframework.org/schema/aop/spring-aop-4.3.xsd=org/springframework/aop/config/spring-aop.xsd, http://www.springframework.org/schema/lang/spring-lang-2.0.xsd=org/springframework/scripting/config/spring-lang.xsd, http://www.springframework.org/schema/jdbc/spring-jdbc-4.3.xsd=org/springframework/jdbc/config/spring-jdbc.xsd, http://www.springframework.org/schema/mvc/spring-mvc-4.3.xsd=org/springframework/web/servlet/config/spring-mvc.xsd, http://www.springframework.org/schema/util/spring-util-3.2.xsd=org/springframework/beans/factory/xml/spring-util.xsd, http://www.springframework.org/schema/task/spring-task.xsd=org/springframework/scheduling/config/spring-task.xsd, http://www.springframework.org/schema/tool/spring-tool-2.0.xsd=org/springframework/beans/factory/xml/spring-tool.xsd, http://www.springframework.org/schema/tx/spring-tx-3.0.xsd=org/springframework/transaction/config/spring-tx.xsd, http://www.springframework.org/schema/lang/spring-lang-4.3.xsd=org/springframework/scripting/config/spring-lang.xsd, http://www.springframework.org/schema/lang/spring-lang-2.5.xsd=org/springframework/scripting/config/spring-lang.xsd, http://www.springframework.org/schema/context/spring-context-4.2.xsd=org/springframework/context/config/spring-context.xsd, http://www.springframework.org/schema/jee/spring-jee-2.0.xsd=org/springframework/ejb/config/spring-jee.xsd, http://www.springframework.org/schema/tool/spring-tool-4.3.xsd=org/springframework/beans/factory/xml/spring-tool.xsd, http://www.springframework.org/schema/tool/spring-tool-2.5.xsd=org/springframework/beans/factory/xml/spring-tool.xsd, http://www.springframework.org/schema/jee/spring-jee-4.3.xsd=org/springframework/ejb/config/spring-jee.xsd, http://www.springframework.org/schema/jee/spring-jee-2.5.xsd=org/springframework/ejb/config/spring-jee.xsd, http://www.springframework.org/schema/task/spring-task-3.0.xsd=org/springframework/scheduling/config/spring-task.xsd, http://www.springframework.org/schema/util/spring-util-4.0.xsd=org/springframework/beans/factory/xml/spring-util.xsd, http://www.springframework.org/schema/cache/spring-cache-4.3.xsd=org/springframework/cache/config/spring-cache.xsd, http://www.springframework.org/schema/aop/spring-aop-4.2.xsd=org/springframework/aop/config/spring-aop.xsd, http://www.springframework.org/schema/lang/spring-lang.xsd=org/springframework/scripting/config/spring-lang.xsd, http://www.springframework.org/schema/context/spring-context-3.2.xsd=org/springframework/context/config/spring-context.xsd, http://www.springframework.org/schema/jdbc/spring-jdbc-4.2.xsd=org/springframework/jdbc/config/spring-jdbc.xsd, http://www.springframework.org/schema/mvc/spring-mvc-4.2.xsd=org/springframework/web/servlet/config/spring-mvc.xsd, http://www.springframework.org/schema/util/spring-util-3.1.xsd=org/springframework/beans/factory/xml/spring-util.xsd, http://www.springframework.org/schema/beans/spring-beans-2.0.xsd=org/springframework/beans/factory/xml/spring-beans.xsd, http://www.springframework.org/schema/cache/spring-cache.xsd=org/springframework/cache/config/spring-cache.xsd, http://www.springframework.org/schema/tx/spring-tx.xsd=org/springframework/transaction/config/spring-tx.xsd, http://www.springframework.org/schema/lang/spring-lang-4.2.xsd=org/springframework/scripting/config/spring-lang.xsd, http://www.springframework.org/schema/context/spring-context-4.1.xsd=org/springframework/context/config/spring-context.xsd, http://www.springframework.org/schema/beans/spring-beans-2.5.xsd=org/springframework/beans/factory/xml/spring-beans.xsd, http://www.springframework.org/schema/beans/spring-beans-4.3.xsd=org/springframework/beans/factory/xml/spring-beans.xsd, http://www.springframework.org/schema/tool/spring-tool-4.2.xsd=org/springframework/beans/factory/xml/spring-tool.xsd, http://www.springframework.org/schema/tx/spring-tx-2.0.xsd=org/springframework/transaction/config/spring-tx.xsd, http://www.alibaba.com/schema/stat.xsd=META-INF/stat.xsd, http://www.springframework.org/schema/jee/spring-jee-4.2.xsd=org/springframework/ejb/config/spring-jee.xsd, http://www.springframework.org/schema/jdbc/spring-jdbc-3.2.xsd=org/springframework/jdbc/config/spring-jdbc.xsd, http://www.springframework.org/schema/task/spring-task-4.3.xsd=org/springframework/scheduling/config/spring-task.xsd, http://www.springframework.org/schema/aop/spring-aop.xsd=org/springframework/aop/config/spring-aop.xsd}
17:41:13,822 DEBUG PluggableSchemaResolver:123 - Found XML schema [http://www.springframework.org/schema/beans/spring-beans.xsd] in classpath: org/springframework/beans/factory/xml/spring-beans.xsd
17:41:13,853 DEBUG PluggableSchemaResolver:123 - Found XML schema [http://www.springframework.org/schema/context/spring-context.xsd] in classpath: org/springframework/context/config/spring-context.xsd
17:41:13,869 DEBUG PluggableSchemaResolver:123 - Found XML schema [http://www.springframework.org/schema/tool/spring-tool.xsd] in classpath: org/springframework/beans/factory/xml/spring-tool.xsd
17:41:13,869 DEBUG PluggableSchemaResolver:123 - Found XML schema [http://www.springframework.org/schema/mvc/spring-mvc.xsd] in classpath: org/springframework/web/servlet/config/spring-mvc.xsd
17:41:13,900 DEBUG PluggableSchemaResolver:123 - Found XML schema [http://www.springframework.org/schema/tx/spring-tx.xsd] in classpath: org/springframework/transaction/config/spring-tx.xsd
17:41:13,915 DEBUG DefaultBeanDefinitionDocumentReader:96 - Loading bean definitions
17:41:13,931 DEBUG DefaultNamespaceHandlerResolver:163 - Loaded NamespaceHandler mappings: {http://www.springframework.org/schema/p=org.springframework.beans.factory.xml.SimplePropertyNamespaceHandler, http://www.springframework.org/schema/mvc=org.springframework.web.servlet.config.MvcNamespaceHandler, http://www.springframework.org/schema/util=org.springframework.beans.factory.xml.UtilNamespaceHandler, http://www.alibaba.com/schema/stat=com.alibaba.druid.support.spring.stat.config.DruidStatNamespaceHandler, http://www.springframework.org/schema/jee=org.springframework.ejb.config.JeeNamespaceHandler, http://www.springframework.org/schema/aop=org.springframework.aop.config.AopNamespaceHandler, http://www.springframework.org/schema/jdbc=org.springframework.jdbc.config.JdbcNamespaceHandler, http://www.springframework.org/schema/cache=org.springframework.cache.config.CacheNamespaceHandler, http://mybatis.org/schema/mybatis-spring=org.mybatis.spring.config.NamespaceHandler, http://www.springframework.org/schema/c=org.springframework.beans.factory.xml.SimpleConstructorNamespaceHandler, http://www.springframework.org/schema/tx=org.springframework.transaction.config.TxNamespaceHandler, http://www.springframework.org/schema/task=org.springframework.scheduling.config.TaskNamespaceHandler, http://www.springframework.org/schema/lang=org.springframework.scripting.config.LangNamespaceHandler, http://www.springframework.org/schema/context=org.springframework.context.config.ContextNamespaceHandler}
17:41:13,978 DEBUG PathMatchingResourcePatternResolver:321 - Resolved classpath location [com/cskaoyan/] to resources [URL [file:/C:/Users/DELL/IdeaProjects/Production_ERP/target/test-classes/com/cskaoyan/], URL [file:/C:/Users/DELL/IdeaProjects/Production_ERP/target/classes/com/cskaoyan/]]
17:41:13,978 DEBUG PathMatchingResourcePatternResolver:723 - Looking for matching resources in directory tree [C:\Users\DELL\IdeaProjects\Production_ERP\target\test-classes\com\cskaoyan]
17:41:13,978 DEBUG PathMatchingResourcePatternResolver:785 - Searching directory [C:\Users\DELL\IdeaProjects\Production_ERP\target\test-classes\com\cskaoyan] for files matching pattern [C:/Users/DELL/IdeaProjects/Production_ERP/target/test-classes/com/cskaoyan/**/*.class]
17:41:13,978 DEBUG PathMatchingResourcePatternResolver:785 - Searching directory [C:\Users\DELL\IdeaProjects\Production_ERP\target\test-classes\com\cskaoyan\mytest] for files matching pattern [C:/Users/DELL/IdeaProjects/Production_ERP/target/test-classes/com/cskaoyan/**/*.class]
17:41:13,978 DEBUG PathMatchingResourcePatternResolver:723 - Looking for matching resources in directory tree [C:\Users\DELL\IdeaProjects\Production_ERP\target\classes\com\cskaoyan]
17:41:13,978 DEBUG PathMatchingResourcePatternResolver:785 - Searching directory [C:\Users\DELL\IdeaProjects\Production_ERP\target\classes\com\cskaoyan] for files matching pattern [C:/Users/DELL/IdeaProjects/Production_ERP/target/classes/com/cskaoyan/**/*.class]
17:41:13,978 DEBUG PathMatchingResourcePatternResolver:785 - Searching directory [C:\Users\DELL\IdeaProjects\Production_ERP\target\classes\com\cskaoyan\controller] for files matching pattern [C:/Users/DELL/IdeaProjects/Production_ERP/target/classes/com/cskaoyan/**/*.class]
17:41:13,978 DEBUG PathMatchingResourcePatternResolver:785 - Searching directory [C:\Users\DELL\IdeaProjects\Production_ERP\target\classes\com\cskaoyan\controller\designSchedule] for files matching pattern [C:/Users/DELL/IdeaProjects/Production_ERP/target/classes/com/cskaoyan/**/*.class]
17:41:13,978 DEBUG PathMatchingResourcePatternResolver:785 - Searching directory [C:\Users\DELL\IdeaProjects\Production_ERP\target\classes\com\cskaoyan\controller\deviceManagement] for files matching pattern [C:/Users/DELL/IdeaProjects/Production_ERP/target/classes/com/cskaoyan/**/*.class]
17:41:13,994 DEBUG PathMatchingResourcePatternResolver:785 - Searching directory [C:\Users\DELL\IdeaProjects\Production_ERP\target\classes\com\cskaoyan\controller\person] for files matching pattern [C:/Users/DELL/IdeaProjects/Production_ERP/target/classes/com/cskaoyan/**/*.class]
17:41:13,994 DEBUG PathMatchingResourcePatternResolver:785 - Searching directory [C:\Users\DELL\IdeaProjects\Production_ERP\target\classes\com\cskaoyan\controller\qualifyMonitor] for files matching pattern [C:/Users/DELL/IdeaProjects/Production_ERP/target/classes/com/cskaoyan/**/*.class]
17:41:13,994 DEBUG PathMatchingResourcePatternResolver:785 - Searching directory [C:\Users\DELL\IdeaProjects\Production_ERP\target\classes\com\cskaoyan\controller\technologyMonitor] for files matching pattern [C:/Users/DELL/IdeaProjects/Production_ERP/target/classes/com/cskaoyan/**/*.class]
17:41:13,994 DEBUG PathMatchingResourcePatternResolver:785 - Searching directory [C:\Users\DELL\IdeaProjects\Production_ERP\target\classes\com\cskaoyan\dao] for files matching pattern [C:/Users/DELL/IdeaProjects/Production_ERP/target/classes/com/cskaoyan/**/*.class]
17:41:13,994 DEBUG PathMatchingResourcePatternResolver:785 - Searching directory [C:\Users\DELL\IdeaProjects\Production_ERP\target\classes\com\cskaoyan\dao\designSchedule] for files matching pattern [C:/Users/DELL/IdeaProjects/Production_ERP/target/classes/com/cskaoyan/**/*.class]
17:41:13,994 DEBUG PathMatchingResourcePatternResolver:785 - Searching directory [C:\Users\DELL\IdeaProjects\Production_ERP\target\classes\com\cskaoyan\dao\deviceManagement] for files matching pattern [C:/Users/DELL/IdeaProjects/Production_ERP/target/classes/com/cskaoyan/**/*.class]
17:41:14,009 DEBUG PathMatchingResourcePatternResolver:785 - Searching directory [C:\Users\DELL\IdeaProjects\Production_ERP\target\classes\com\cskaoyan\dao\person] for files matching pattern [C:/Users/DELL/IdeaProjects/Production_ERP/target/classes/com/cskaoyan/**/*.class]
17:41:14,009 DEBUG PathMatchingResourcePatternResolver:785 - Searching directory [C:\Users\DELL\IdeaProjects\Production_ERP\target\classes\com\cskaoyan\dao\qualifyMonitor] for files matching pattern [C:/Users/DELL/IdeaProjects/Production_ERP/target/classes/com/cskaoyan/**/*.class]
17:41:14,009 DEBUG PathMatchingResourcePatternResolver:785 - Searching directory [C:\Users\DELL\IdeaProjects\Production_ERP\target\classes\com\cskaoyan\dao\technologyMonitor] for files matching pattern [C:/Users/DELL/IdeaProjects/Production_ERP/target/classes/com/cskaoyan/**/*.class]
17:41:14,009 DEBUG PathMatchingResourcePatternResolver:785 - Searching directory [C:\Users\DELL\IdeaProjects\Production_ERP\target\classes\com\cskaoyan\domain] for files matching pattern [C:/Users/DELL/IdeaProjects/Production_ERP/target/classes/com/cskaoyan/**/*.class]
17:41:14,009 DEBUG PathMatchingResourcePatternResolver:785 - Searching directory [C:\Users\DELL\IdeaProjects\Production_ERP\target\classes\com\cskaoyan\domain\designScheduleDomain] for files matching pattern [C:/Users/DELL/IdeaProjects/Production_ERP/target/classes/com/cskaoyan/**/*.class]
17:41:14,025 DEBUG PathMatchingResourcePatternResolver:785 - Searching directory [C:\Users\DELL\IdeaProjects\Production_ERP\target\classes\com\cskaoyan\domain\deviceManagement] for files matching pattern [C:/Users/DELL/IdeaProjects/Production_ERP/target/classes/com/cskaoyan/**/*.class]
17:41:14,025 DEBUG PathMatchingResourcePatternResolver:785 - Searching directory [C:\Users\DELL\IdeaProjects\Production_ERP\target\classes\com\cskaoyan\domain\deviceManagement\vo] for files matching pattern [C:/Users/DELL/IdeaProjects/Production_ERP/target/classes/com/cskaoyan/**/*.class]
17:41:14,025 DEBUG PathMatchingResourcePatternResolver:785 - Searching directory [C:\Users\DELL\IdeaProjects\Production_ERP\target\classes\com\cskaoyan\domain\person] for files matching pattern [C:/Users/DELL/IdeaProjects/Production_ERP/target/classes/com/cskaoyan/**/*.class]
17:41:14,025 DEBUG PathMatchingResourcePatternResolver:785 - Searching directory [C:\Users\DELL\IdeaProjects\Production_ERP\target\classes\com\cskaoyan\domain\qualifyMonitor] for files matching pattern [C:/Users/DELL/IdeaProjects/Production_ERP/target/classes/com/cskaoyan/**/*.class]
17:41:14,025 DEBUG PathMatchingResourcePatternResolver:785 - Searching directory [C:\Users\DELL\IdeaProjects\Production_ERP\target\classes\com\cskaoyan\domain\technologyMonitor] for files matching pattern [C:/Users/DELL/IdeaProjects/Production_ERP/target/classes/com/cskaoyan/**/*.class]
17:41:14,040 DEBUG PathMatchingResourcePatternResolver:785 - Searching directory [C:\Users\DELL\IdeaProjects\Production_ERP\target\classes\com\cskaoyan\service] for files matching pattern [C:/Users/DELL/IdeaProjects/Production_ERP/target/classes/com/cskaoyan/**/*.class]
17:41:14,040 DEBUG PathMatchingResourcePatternResolver:785 - Searching directory [C:\Users\DELL\IdeaProjects\Production_ERP\target\classes\com\cskaoyan\service\designSchedule] for files matching pattern [C:/Users/DELL/IdeaProjects/Production_ERP/target/classes/com/cskaoyan/**/*.class]
17:41:14,040 DEBUG PathMatchingResourcePatternResolver:785 - Searching directory [C:\Users\DELL\IdeaProjects\Production_ERP\target\classes\com\cskaoyan\service\designSchedule\imp] for files matching pattern [C:/Users/DELL/IdeaProjects/Production_ERP/target/classes/com/cskaoyan/**/*.class]
17:41:14,056 DEBUG PathMatchingResourcePatternResolver:785 - Searching directory [C:\Users\DELL\IdeaProjects\Production_ERP\target\classes\com\cskaoyan\service\deviceManagement] for files matching pattern [C:/Users/DELL/IdeaProjects/Production_ERP/target/classes/com/cskaoyan/**/*.class]
17:41:14,056 DEBUG PathMatchingResourcePatternResolver:785 - Searching directory [C:\Users\DELL\IdeaProjects\Production_ERP\target\classes\com\cskaoyan\service\deviceManagement\interfaces] for files matching pattern [C:/Users/DELL/IdeaProjects/Production_ERP/target/classes/com/cskaoyan/**/*.class]
17:41:14,056 DEBUG PathMatchingResourcePatternResolver:785 - Searching directory [C:\Users\DELL\IdeaProjects\Production_ERP\target\classes\com\cskaoyan\service\person] for files matching pattern [C:/Users/DELL/IdeaProjects/Production_ERP/target/classes/com/cskaoyan/**/*.class]
17:41:14,056 DEBUG PathMatchingResourcePatternResolver:785 - Searching directory [C:\Users\DELL\IdeaProjects\Production_ERP\target\classes\com\cskaoyan\service\person\imp] for files matching pattern [C:/Users/DELL/IdeaProjects/Production_ERP/target/classes/com/cskaoyan/**/*.class]
17:41:14,056 DEBUG PathMatchingResourcePatternResolver:785 - Searching directory [C:\Users\DELL\IdeaProjects\Production_ERP\target\classes\com\cskaoyan\service\qualifyMonitor] for files matching pattern [C:/Users/DELL/IdeaProjects/Production_ERP/target/classes/com/cskaoyan/**/*.class]
17:41:14,072 DEBUG PathMatchingResourcePatternResolver:785 - Searching directory [C:\Users\DELL\IdeaProjects\Production_ERP\target\classes\com\cskaoyan\service\qualifyMonitor\Impl] for files matching pattern [C:/Users/DELL/IdeaProjects/Production_ERP/target/classes/com/cskaoyan/**/*.class]
17:41:14,072 DEBUG PathMatchingResourcePatternResolver:785 - Searching directory [C:\Users\DELL\IdeaProjects\Production_ERP\target\classes\com\cskaoyan\service\technologyMonitor] for files matching pattern [C:/Users/DELL/IdeaProjects/Production_ERP/target/classes/com/cskaoyan/**/*.class]
17:41:14,072 DEBUG PathMatchingResourcePatternResolver:785 - Searching directory [C:\Users\DELL\IdeaProjects\Production_ERP\target\classes\com\cskaoyan\service\technologyMonitor\Impl] for files matching pattern [C:/Users/DELL/IdeaProjects/Production_ERP/target/classes/com/cskaoyan/**/*.class]
17:41:14,072 DEBUG PathMatchingResourcePatternResolver:516 - Resolved location pattern [classpath*:com/cskaoyan/**/*.class] to resources [file [C:\Users\DELL\IdeaProjects\Production_ERP\target\test-classes\com\cskaoyan\mytest\CustomTest.class], file [C:\Users\DELL\IdeaProjects\Production_ERP\target\test-classes\com\cskaoyan\mytest\OrderTest.class], file [C:\Users\DELL\IdeaProjects\Production_ERP\target\test-classes\com\cskaoyan\mytest\QualifyTest.class], file [C:\Users\DELL\IdeaProjects\Production_ERP\target\classes\com\cskaoyan\controller\Convert.class], file [C:\Users\DELL\IdeaProjects\Production_ERP\target\classes\com\cskaoyan\controller\designSchedule\CustomController.class], file [C:\Users\DELL\IdeaProjects\Production_ERP\target\classes\com\cskaoyan\controller\designSchedule\ManufactureController.class], file [C:\Users\DELL\IdeaProjects\Production_ERP\target\classes\com\cskaoyan\controller\designSchedule\OrderController.class], file [C:\Users\DELL\IdeaProjects\Production_ERP\target\classes\com\cskaoyan\controller\designSchedule\ProductController.class], file [C:\Users\DELL\IdeaProjects\Production_ERP\target\classes\com\cskaoyan\controller\designSchedule\TaskController.class], file [C:\Users\DELL\IdeaProjects\Production_ERP\target\classes\com\cskaoyan\controller\designSchedule\WorkController.class], file [C:\Users\DELL\IdeaProjects\Production_ERP\target\classes\com\cskaoyan\controller\deviceManagement\DeviceCheckController.class], file [C:\Users\DELL\IdeaProjects\Production_ERP\target\classes\com\cskaoyan\controller\deviceManagement\DeviceController.class], file [C:\Users\DELL\IdeaProjects\Production_ERP\target\classes\com\cskaoyan\controller\deviceManagement\DeviceFaultController.class], file [C:\Users\DELL\IdeaProjects\Production_ERP\target\classes\com\cskaoyan\controller\deviceManagement\DeviceJsonController.class], file [C:\Users\DELL\IdeaProjects\Production_ERP\target\classes\com\cskaoyan\controller\deviceManagement\DeviceListController.class], file [C:\Users\DELL\IdeaProjects\Production_ERP\target\classes\com\cskaoyan\controller\deviceManagement\DeviceMaintainController.class], file [C:\Users\DELL\IdeaProjects\Production_ERP\target\classes\com\cskaoyan\controller\deviceManagement\DeviceTypeController.class], file [C:\Users\DELL\IdeaProjects\Production_ERP\target\classes\com\cskaoyan\controller\FileControl.class], file [C:\Users\DELL\IdeaProjects\Production_ERP\target\classes\com\cskaoyan\controller\FormController.class], file [C:\Users\DELL\IdeaProjects\Production_ERP\target\classes\com\cskaoyan\controller\person\DepartmentController.class], file [C:\Users\DELL\IdeaProjects\Production_ERP\target\classes\com\cskaoyan\controller\person\EmployeeController.class], file [C:\Users\DELL\IdeaProjects\Production_ERP\target\classes\com\cskaoyan\controller\PicControl.class], file [C:\Users\DELL\IdeaProjects\Production_ERP\target\classes\com\cskaoyan\controller\qualifyMonitor\FinalCountCheckController.class], file [C:\Users\DELL\IdeaProjects\Production_ERP\target\classes\com\cskaoyan\controller\qualifyMonitor\FinishmeasureController.class], file [C:\Users\DELL\IdeaProjects\Production_ERP\target\classes\com\cskaoyan\controller\qualifyMonitor\ProcessCountCheckController.class], file [C:\Users\DELL\IdeaProjects\Production_ERP\target\classes\com\cskaoyan\controller\qualifyMonitor\ProcessMeasureCheckController.class], file [C:\Users\DELL\IdeaProjects\Production_ERP\target\classes\com\cskaoyan\controller\qualifyMonitor\UnqualifyController.class], file [C:\Users\DELL\IdeaProjects\Production_ERP\target\classes\com\cskaoyan\controller\technologyMonitor\ProcessController.class], file [C:\Users\DELL\IdeaProjects\Production_ERP\target\classes\com\cskaoyan\controller\technologyMonitor\TechnologyController.class], file [C:\Users\DELL\IdeaProjects\Production_ERP\target\classes\com\cskaoyan\controller\technologyMonitor\TechnologyPlanController.class], file [C:\Users\DELL\IdeaProjects\Production_ERP\target\classes\com\cskaoyan\controller\technologyMonitor\TechnologyRequirementController.class], file [C:\Users\DELL\IdeaProjects\Production_ERP\target\classes\com\cskaoyan\dao\designSchedule\CustomMapper.class], file [C:\Users\DELL\IdeaProjects\Production_ERP\target\classes\com\cskaoyan\dao\designSchedule\ManufactureMapper.class], file [C:\Users\DELL\IdeaProjects\Production_ERP\target\classes\com\cskaoyan\dao\designSchedule\OrderMapper.class], file [C:\Users\DELL\IdeaProjects\Production_ERP\target\classes\com\cskaoyan\dao\designSchedule\ProductMapper.class], file [C:\Users\DELL\IdeaProjects\Production_ERP\target\classes\com\cskaoyan\dao\designSchedule\TaskMapper.class], file [C:\Users\DELL\IdeaProjects\Production_ERP\target\classes\com\cskaoyan\dao\designSchedule\WorkMapper.class], file [C:\Users\DELL\IdeaProjects\Production_ERP\target\classes\com\cskaoyan\dao\deviceManagement\Device_checkMapper.class], file [C:\Users\DELL\IdeaProjects\Production_ERP\target\classes\com\cskaoyan\dao\deviceManagement\Device_faultMapper.class], file [C:\Users\DELL\IdeaProjects\Production_ERP\target\classes\com\cskaoyan\dao\deviceManagement\Device_maintainMapper.class], file [C:\Users\DELL\IdeaProjects\Production_ERP\target\classes\com\cskaoyan\dao\deviceManagement\Device_typeMapper.class], file [C:\Users\DELL\IdeaProjects\Production_ERP\target\classes\com\cskaoyan\dao\deviceManagement\DeviceMapper.class], file [C:\Users\DELL\IdeaProjects\Production_ERP\target\classes\com\cskaoyan\dao\person\DepartmentMapper.class], file [C:\Users\DELL\IdeaProjects\Production_ERP\target\classes\com\cskaoyan\dao\person\EmployeeMapper.class], file [C:\Users\DELL\IdeaProjects\Production_ERP\target\classes\com\cskaoyan\dao\qualifyMonitor\FinalCountCheckMapper.class], file [C:\Users\DELL\IdeaProjects\Production_ERP\target\classes\com\cskaoyan\dao\qualifyMonitor\FinalMeasuretCheckMapper.class], file [C:\Users\DELL\IdeaProjects\Production_ERP\target\classes\com\cskaoyan\dao\qualifyMonitor\ProcessCountCheckMapper.class], file [C:\Users\DELL\IdeaProjects\Production_ERP\target\classes\com\cskaoyan\dao\qualifyMonitor\ProcessMeasureCheckMapper.class], file [C:\Users\DELL\IdeaProjects\Production_ERP\target\classes\com\cskaoyan\dao\qualifyMonitor\UnqualifyApplyMapper.class], file [C:\Users\DELL\IdeaProjects\Production_ERP\target\classes\com\cskaoyan\dao\technologyMonitor\ProcessMapper.class], file [C:\Users\DELL\IdeaProjects\Production_ERP\target\classes\com\cskaoyan\dao\technologyMonitor\TechnologyMapper.class], file [C:\Users\DELL\IdeaProjects\Production_ERP\target\classes\com\cskaoyan\dao\technologyMonitor\TechnologyPlanMapper.class], file [C:\Users\DELL\IdeaProjects\Production_ERP\target\classes\com\cskaoyan\dao\technologyMonitor\TechnologyRequirementMapper.class], file [C:\Users\DELL\IdeaProjects\Production_ERP\target\classes\com\cskaoyan\domain\designScheduleDomain\Custom.class], file [C:\Users\DELL\IdeaProjects\Production_ERP\target\classes\com\cskaoyan\domain\designScheduleDomain\Manufacture.class], file [C:\Users\DELL\IdeaProjects\Production_ERP\target\classes\com\cskaoyan\domain\designScheduleDomain\ManufactureVo.class], file [C:\Users\DELL\IdeaProjects\Production_ERP\target\classes\com\cskaoyan\domain\designScheduleDomain\Order.class], file [C:\Users\DELL\IdeaProjects\Production_ERP\target\classes\com\cskaoyan\domain\designScheduleDomain\OrderVo.class], file [C:\Users\DELL\IdeaProjects\Production_ERP\target\classes\com\cskaoyan\domain\designScheduleDomain\Product.class], file [C:\Users\DELL\IdeaProjects\Production_ERP\target\classes\com\cskaoyan\domain\designScheduleDomain\Task.class], file [C:\Users\DELL\IdeaProjects\Production_ERP\target\classes\com\cskaoyan\domain\designScheduleDomain\Work.class], file [C:\Users\DELL\IdeaProjects\Production_ERP\target\classes\com\cskaoyan\domain\designScheduleDomain\WorkVo.class], file [C:\Users\DELL\IdeaProjects\Production_ERP\target\classes\com\cskaoyan\domain\deviceManagement\Device.class], file [C:\Users\DELL\IdeaProjects\Production_ERP\target\classes\com\cskaoyan\domain\deviceManagement\Device_check.class], file [C:\Users\DELL\IdeaProjects\Production_ERP\target\classes\com\cskaoyan\domain\deviceManagement\Device_fault.class], file [C:\Users\DELL\IdeaProjects\Production_ERP\target\classes\com\cskaoyan\domain\deviceManagement\Device_maintain.class], file [C:\Users\DELL\IdeaProjects\Production_ERP\target\classes\com\cskaoyan\domain\deviceManagement\Device_type.class], file [C:\Users\DELL\IdeaProjects\Production_ERP\target\classes\com\cskaoyan\domain\deviceManagement\vo\ChangeResult.class], file [C:\Users\DELL\IdeaProjects\Production_ERP\target\classes\com\cskaoyan\domain\deviceManagement\vo\Device_checkVo.class], file [C:\Users\DELL\IdeaProjects\Production_ERP\target\classes\com\cskaoyan\domain\deviceManagement\vo\Device_faultVo.class], file [C:\Users\DELL\IdeaProjects\Production_ERP\target\classes\com\cskaoyan\domain\deviceManagement\vo\Device_maintainVo.class], file [C:\Users\DELL\IdeaProjects\Production_ERP\target\classes\com\cskaoyan\domain\deviceManagement\vo\DeviceVo.class], file [C:\Users\DELL\IdeaProjects\Production_ERP\target\classes\com\cskaoyan\domain\person\Department.class], file [C:\Users\DELL\IdeaProjects\Production_ERP\target\classes\com\cskaoyan\domain\person\Employee.class], file [C:\Users\DELL\IdeaProjects\Production_ERP\target\classes\com\cskaoyan\domain\person\EmployeeVo.class], file [C:\Users\DELL\IdeaProjects\Production_ERP\target\classes\com\cskaoyan\domain\qualifyMonitor\FinalCountCheck.class], file [C:\Users\DELL\IdeaProjects\Production_ERP\target\classes\com\cskaoyan\domain\qualifyMonitor\FinalMeasuretCheck.class], file [C:\Users\DELL\IdeaProjects\Production_ERP\target\classes\com\cskaoyan\domain\qualifyMonitor\ProcessCountCheck.class], file [C:\Users\DELL\IdeaProjects\Production_ERP\target\classes\com\cskaoyan\domain\qualifyMonitor\ProcessMeasureCheck.class], file [C:\Users\DELL\IdeaProjects\Production_ERP\target\classes\com\cskaoyan\domain\qualifyMonitor\UnqualifyApply.class], file [C:\Users\DELL\IdeaProjects\Production_ERP\target\classes\com\cskaoyan\domain\technologyMonitor\PageVO.class], file [C:\Users\DELL\IdeaProjects\Production_ERP\target\classes\com\cskaoyan\domain\technologyMonitor\Process.class], file [C:\Users\DELL\IdeaProjects\Production_ERP\target\classes\com\cskaoyan\domain\technologyMonitor\ProcessExample$Criteria.class], file [C:\Users\DELL\IdeaProjects\Production_ERP\target\classes\com\cskaoyan\domain\technologyMonitor\ProcessExample$Criterion.class], file [C:\Users\DELL\IdeaProjects\Production_ERP\target\classes\com\cskaoyan\domain\technologyMonitor\ProcessExample$GeneratedCriteria.class], file [C:\Users\DELL\IdeaProjects\Production_ERP\target\classes\com\cskaoyan\domain\technologyMonitor\ProcessExample.class], file [C:\Users\DELL\IdeaProjects\Production_ERP\target\classes\com\cskaoyan\domain\technologyMonitor\Technology.class], file [C:\Users\DELL\IdeaProjects\Production_ERP\target\classes\com\cskaoyan\domain\technologyMonitor\TechnologyExample$Criteria.class], file [C:\Users\DELL\IdeaProjects\Production_ERP\target\classes\com\cskaoyan\domain\technologyMonitor\TechnologyExample$Criterion.class], file [C:\Users\DELL\IdeaProjects\Production_ERP\target\classes\com\cskaoyan\domain\technologyMonitor\TechnologyExample$GeneratedCriteria.class], file [C:\Users\DELL\IdeaProjects\Production_ERP\target\classes\com\cskaoyan\domain\technologyMonitor\TechnologyExample.class], file [C:\Users\DELL\IdeaProjects\Production_ERP\target\classes\com\cskaoyan\domain\technologyMonitor\TechnologyPlan.class], file [C:\Users\DELL\IdeaProjects\Production_ERP\target\classes\com\cskaoyan\domain\technologyMonitor\TechnologyPlanExample$Criteria.class], file [C:\Users\DELL\IdeaProjects\Production_ERP\target\classes\com\cskaoyan\domain\technologyMonitor\TechnologyPlanExample$Criterion.class], file [C:\Users\DELL\IdeaProjects\Production_ERP\target\classes\com\cskaoyan\domain\technologyMonitor\TechnologyPlanExample$GeneratedCriteria.class], file [C:\Users\DELL\IdeaProjects\Production_ERP\target\classes\com\cskaoyan\domain\technologyMonitor\TechnologyPlanExample.class], file [C:\Users\DELL\IdeaProjects\Production_ERP\target\classes\com\cskaoyan\domain\technologyMonitor\TechnologyRequirement.class], file [C:\Users\DELL\IdeaProjects\Production_ERP\target\classes\com\cskaoyan\domain\technologyMonitor\TechnologyRequirementExample$Criteria.class], file [C:\Users\DELL\IdeaProjects\Production_ERP\target\classes\com\cskaoyan\domain\technologyMonitor\TechnologyRequirementExample$Criterion.class], file [C:\Users\DELL\IdeaProjects\Production_ERP\target\classes\com\cskaoyan\domain\technologyMonitor\TechnologyRequirementExample$GeneratedCriteria.class], file [C:\Users\DELL\IdeaProjects\Production_ERP\target\classes\com\cskaoyan\domain\technologyMonitor\TechnologyRequirementExample.class], file [C:\Users\DELL\IdeaProjects\Production_ERP\target\classes\com\cskaoyan\service\designSchedule\CustomService.class], file [C:\Users\DELL\IdeaProjects\Production_ERP\target\classes\com\cskaoyan\service\designSchedule\imp\CustomServiecimp.class], file [C:\Users\DELL\IdeaProjects\Production_ERP\target\classes\com\cskaoyan\service\designSchedule\imp\ManufactureServiceimp.class], file [C:\Users\DELL\IdeaProjects\Production_ERP\target\classes\com\cskaoyan\service\designSchedule\imp\OrderServiceimp.class], file [C:\Users\DELL\IdeaProjects\Production_ERP\target\classes\com\cskaoyan\service\designSchedule\imp\ProductServiceimp.class], file [C:\Users\DELL\IdeaProjects\Production_ERP\target\classes\com\cskaoyan\service\designSchedule\imp\TaskServiceimp.class], file [C:\Users\DELL\IdeaProjects\Production_ERP\target\classes\com\cskaoyan\service\designSchedule\imp\WorkServiceimp.class], file [C:\Users\DELL\IdeaProjects\Production_ERP\target\classes\com\cskaoyan\service\designSchedule\ManufactureService.class], file [C:\Users\DELL\IdeaProjects\Production_ERP\target\classes\com\cskaoyan\service\designSchedule\OrderService.class], file [C:\Users\DELL\IdeaProjects\Production_ERP\target\classes\com\cskaoyan\service\designSchedule\ProductService.class], file [C:\Users\DELL\IdeaProjects\Production_ERP\target\classes\com\cskaoyan\service\designSchedule\TaskService.class], file [C:\Users\DELL\IdeaProjects\Production_ERP\target\classes\com\cskaoyan\service\designSchedule\WorkService.class], file [C:\Users\DELL\IdeaProjects\Production_ERP\target\classes\com\cskaoyan\service\deviceManagement\DeviceCheckServiceImpl.class], file [C:\Users\DELL\IdeaProjects\Production_ERP\target\classes\com\cskaoyan\service\deviceManagement\DeviceFaultServiceImpl.class], file [C:\Users\DELL\IdeaProjects\Production_ERP\target\classes\com\cskaoyan\service\deviceManagement\DeviceListServiceImpl.class], file [C:\Users\DELL\IdeaProjects\Production_ERP\target\classes\com\cskaoyan\service\deviceManagement\DeviceMaintainServiceImpl.class], file [C:\Users\DELL\IdeaProjects\Production_ERP\target\classes\com\cskaoyan\service\deviceManagement\DeviceTypeServiceImpl.class], file [C:\Users\DELL\IdeaProjects\Production_ERP\target\classes\com\cskaoyan\service\deviceManagement\interfaces\DeviceCheckService.class], file [C:\Users\DELL\IdeaProjects\Production_ERP\target\classes\com\cskaoyan\service\deviceManagement\interfaces\DeviceFaultService.class], file [C:\Users\DELL\IdeaProjects\Production_ERP\target\classes\com\cskaoyan\service\deviceManagement\interfaces\DeviceListService.class], file [C:\Users\DELL\IdeaProjects\Production_ERP\target\classes\com\cskaoyan\service\deviceManagement\interfaces\DeviceMaintainService.class], file [C:\Users\DELL\IdeaProjects\Production_ERP\target\classes\com\cskaoyan\service\deviceManagement\interfaces\DeviceTypeService.class], file [C:\Users\DELL\IdeaProjects\Production_ERP\target\classes\com\cskaoyan\service\person\DepartmentService.class], file [C:\Users\DELL\IdeaProjects\Production_ERP\target\classes\com\cskaoyan\service\person\EmployeeService.class], file [C:\Users\DELL\IdeaProjects\Production_ERP\target\classes\com\cskaoyan\service\person\imp\DepartmentServiceimp.class], file [C:\Users\DELL\IdeaProjects\Production_ERP\target\classes\com\cskaoyan\service\person\imp\EmployeeServiceimp.class], file [C:\Users\DELL\IdeaProjects\Production_ERP\target\classes\com\cskaoyan\service\qualifyMonitor\FinalCountCheckService.class], file [C:\Users\DELL\IdeaProjects\Production_ERP\target\classes\com\cskaoyan\service\qualifyMonitor\FinishmeasureService.class], file [C:\Users\DELL\IdeaProjects\Production_ERP\target\classes\com\cskaoyan\service\qualifyMonitor\Impl\FinalCountCheckServiceImpl.class], file [C:\Users\DELL\IdeaProjects\Production_ERP\target\classes\com\cskaoyan\service\qualifyMonitor\Impl\FinishmeasureServiceImpl.class], file [C:\Users\DELL\IdeaProjects\Production_ERP\target\classes\com\cskaoyan\service\qualifyMonitor\Impl\ProcessCountCheckServiceImpl.class], file [C:\Users\DELL\IdeaProjects\Production_ERP\target\classes\com\cskaoyan\service\qualifyMonitor\Impl\ProcessMeasureCheckServiceImpl.class], file [C:\Users\DELL\IdeaProjects\Production_ERP\target\classes\com\cskaoyan\service\qualifyMonitor\Impl\UnqualifyServiceImpl.class], file [C:\Users\DELL\IdeaProjects\Production_ERP\target\classes\com\cskaoyan\service\qualifyMonitor\ProcessCountCheckService.class], file [C:\Users\DELL\IdeaProjects\Production_ERP\target\classes\com\cskaoyan\service\qualifyMonitor\ProcessMeasureCheckService.class], file [C:\Users\DELL\IdeaProjects\Production_ERP\target\classes\com\cskaoyan\service\qualifyMonitor\UnqualifyService.class], file [C:\Users\DELL\IdeaProjects\Production_ERP\target\classes\com\cskaoyan\service\technologyMonitor\Impl\ProcessServiceImpl.class], file [C:\Users\DELL\IdeaProjects\Production_ERP\target\classes\com\cskaoyan\service\technologyMonitor\Impl\TechnologyPlanServiceImpl.class], file [C:\Users\DELL\IdeaProjects\Production_ERP\target\classes\com\cskaoyan\service\technologyMonitor\Impl\TechnologyRequirementServiceImpl.class], file [C:\Users\DELL\IdeaProjects\Production_ERP\target\classes\com\cskaoyan\service\technologyMonitor\Impl\TechnologyServiceImpl.class], file [C:\Users\DELL\IdeaProjects\Production_ERP\target\classes\com\cskaoyan\service\technologyMonitor\ProcessService.class], file [C:\Users\DELL\IdeaProjects\Production_ERP\target\classes\com\cskaoyan\service\technologyMonitor\TechnologyPlanService.class], file [C:\Users\DELL\IdeaProjects\Production_ERP\target\classes\com\cskaoyan\service\technologyMonitor\TechnologyRequirementService.class], file [C:\Users\DELL\IdeaProjects\Production_ERP\target\classes\com\cskaoyan\service\technologyMonitor\TechnologyService.class]]
17:41:14,150 DEBUG ClassPathBeanDefinitionScanner:437 - Identified candidate component class: file [C:\Users\DELL\IdeaProjects\Production_ERP\target\classes\com\cskaoyan\controller\designSchedule\CustomController.class]
17:41:14,165 DEBUG ClassPathBeanDefinitionScanner:437 - Identified candidate component class: file [C:\Users\DELL\IdeaProjects\Production_ERP\target\classes\com\cskaoyan\controller\designSchedule\ManufactureController.class]
17:41:14,181 DEBUG ClassPathBeanDefinitionScanner:437 - Identified candidate component class: file [C:\Users\DELL\IdeaProjects\Production_ERP\target\classes\com\cskaoyan\controller\designSchedule\OrderController.class]
17:41:14,181 DEBUG ClassPathBeanDefinitionScanner:437 - Identified candidate component class: file [C:\Users\DELL\IdeaProjects\Production_ERP\target\classes\com\cskaoyan\controller\designSchedule\ProductController.class]
17:41:14,181 DEBUG ClassPathBeanDefinitionScanner:437 - Identified candidate component class: file [C:\Users\DELL\IdeaProjects\Production_ERP\target\classes\com\cskaoyan\controller\designSchedule\TaskController.class]
17:41:14,197 DEBUG ClassPathBeanDefinitionScanner:437 - Identified candidate component class: file [C:\Users\DELL\IdeaProjects\Production_ERP\target\classes\com\cskaoyan\controller\designSchedule\WorkController.class]
17:41:14,197 DEBUG ClassPathBeanDefinitionScanner:437 - Identified candidate component class: file [C:\Users\DELL\IdeaProjects\Production_ERP\target\classes\com\cskaoyan\controller\deviceManagement\DeviceCheckController.class]
17:41:14,197 DEBUG ClassPathBeanDefinitionScanner:437 - Identified candidate component class: file [C:\Users\DELL\IdeaProjects\Production_ERP\target\classes\com\cskaoyan\controller\deviceManagement\DeviceController.class]
17:41:14,197 DEBUG ClassPathBeanDefinitionScanner:437 - Identified candidate component class: file [C:\Users\DELL\IdeaProjects\Production_ERP\target\classes\com\cskaoyan\controller\deviceManagement\DeviceFaultController.class]
17:41:14,212 DEBUG ClassPathBeanDefinitionScanner:437 - Identified candidate component class: file [C:\Users\DELL\IdeaProjects\Production_ERP\target\classes\com\cskaoyan\controller\deviceManagement\DeviceJsonController.class]
17:41:14,212 DEBUG ClassPathBeanDefinitionScanner:437 - Identified candidate component class: file [C:\Users\DELL\IdeaProjects\Production_ERP\target\classes\com\cskaoyan\controller\deviceManagement\DeviceListController.class]
17:41:14,212 DEBUG ClassPathBeanDefinitionScanner:437 - Identified candidate component class: file [C:\Users\DELL\IdeaProjects\Production_ERP\target\classes\com\cskaoyan\controller\deviceManagement\DeviceMaintainController.class]
17:41:14,230 DEBUG ClassPathBeanDefinitionScanner:437 - Identified candidate component class: file [C:\Users\DELL\IdeaProjects\Production_ERP\target\classes\com\cskaoyan\controller\deviceManagement\DeviceTypeController.class]
17:41:14,233 DEBUG ClassPathBeanDefinitionScanner:437 - Identified candidate component class: file [C:\Users\DELL\IdeaProjects\Production_ERP\target\classes\com\cskaoyan\controller\FileControl.class]
17:41:14,233 DEBUG ClassPathBeanDefinitionScanner:437 - Identified candidate component class: file [C:\Users\DELL\IdeaProjects\Production_ERP\target\classes\com\cskaoyan\controller\FormController.class]
17:41:14,233 DEBUG ClassPathBeanDefinitionScanner:437 - Identified candidate component class: file [C:\Users\DELL\IdeaProjects\Production_ERP\target\classes\com\cskaoyan\controller\person\DepartmentController.class]
17:41:14,233 DEBUG ClassPathBeanDefinitionScanner:437 - Identified candidate component class: file [C:\Users\DELL\IdeaProjects\Production_ERP\target\classes\com\cskaoyan\controller\person\EmployeeController.class]
17:41:14,248 DEBUG ClassPathBeanDefinitionScanner:437 - Identified candidate component class: file [C:\Users\DELL\IdeaProjects\Production_ERP\target\classes\com\cskaoyan\controller\PicControl.class]
17:41:14,248 DEBUG ClassPathBeanDefinitionScanner:437 - Identified candidate component class: file [C:\Users\DELL\IdeaProjects\Production_ERP\target\classes\com\cskaoyan\controller\qualifyMonitor\FinalCountCheckController.class]
17:41:14,248 DEBUG ClassPathBeanDefinitionScanner:437 - Identified candidate component class: file [C:\Users\DELL\IdeaProjects\Production_ERP\target\classes\com\cskaoyan\controller\qualifyMonitor\FinishmeasureController.class]
17:41:14,248 DEBUG ClassPathBeanDefinitionScanner:437 - Identified candidate component class: file [C:\Users\DELL\IdeaProjects\Production_ERP\target\classes\com\cskaoyan\controller\qualifyMonitor\ProcessCountCheckController.class]
17:41:14,264 DEBUG ClassPathBeanDefinitionScanner:437 - Identified candidate component class: file [C:\Users\DELL\IdeaProjects\Production_ERP\target\classes\com\cskaoyan\controller\qualifyMonitor\ProcessMeasureCheckController.class]
17:41:14,264 DEBUG ClassPathBeanDefinitionScanner:437 - Identified candidate component class: file [C:\Users\DELL\IdeaProjects\Production_ERP\target\classes\com\cskaoyan\controller\qualifyMonitor\UnqualifyController.class]
17:41:14,279 DEBUG ClassPathBeanDefinitionScanner:437 - Identified candidate component class: file [C:\Users\DELL\IdeaProjects\Production_ERP\target\classes\com\cskaoyan\controller\technologyMonitor\ProcessController.class]
17:41:14,279 DEBUG ClassPathBeanDefinitionScanner:437 - Identified candidate component class: file [C:\Users\DELL\IdeaProjects\Production_ERP\target\classes\com\cskaoyan\controller\technologyMonitor\TechnologyController.class]
[...]
17:41:19,842 DEBUG DefaultListableBeanFactory:510 - Destroying singletons in org.springframework.beans.factory.support.DefaultListableBeanFactory@5b12b668: defining beans [customController,manufactureController,orderController,productController,taskController,workController,deviceCheckController,deviceController,deviceFaultController,deviceJsonController,deviceListController,deviceMaintainController,deviceTypeController,fileControl,formController,departmentController,employeeController,picControl,finalCountCheckController,finishmeasureController,processCountCheckController,processMeasureCheckController,unqualifyController,processController,technologyController,technologyPlanController,technologyRequirementController,processExample,technologyExample,technologyPlanExample,technologyRequirementExample,custom,manufactureServiceimp,orderServiceimp,productServiceimp,taskServiceimp,workServiceimp,deviceCheckServiceImpl,deviceFaultServiceImpl,deviceListServiceImpl,deviceMaintainServiceImpl,deviceTypeServiceImpl,departmentServiceimp,employeeServiceimp,finalCountCheckServiceImpl,finishmeasureServiceImpl,processCountCheckServiceImpl,processMeasureCheckServiceImpl,unqualifyServiceImpl,processServiceImpl,technologyPlanServiceImpl,technologyRequirementServiceImpl,technologyServiceImpl,org.springframework.context.annotation.internalConfigurationAnnotationProcessor,org.springframework.context.annotation.internalAutowiredAnnotationProcessor,org.springframework.context.annotation.internalRequiredAnnotationProcessor,org.springframework.context.annotation.internalCommonAnnotationProcessor,org.springframework.context.event.internalEventListenerProcessor,org.springframework.context.event.internalEventListenerFactory,mvcContentNegotiationManager,org.springframework.web.servlet.mvc.method.annotation.RequestMappingHandlerMapping,mvcCorsConfigurations,org.springframework.web.servlet.mvc.method.annotation.RequestMappingHandlerAdapter,mvcUriComponentsContributor,org.springframework.web.servlet.handler.MappedInterceptor#0,org.springframework.web.servlet.mvc.method.annotation.ExceptionHandlerExceptionResolver#0,org.springframework.web.servlet.mvc.annotation.ResponseStatusExceptionResolver#0,org.springframework.web.servlet.mvc.support.DefaultHandlerExceptionResolver#0,org.springframework.web.servlet.handler.BeanNameUrlHandlerMapping,org.springframework.web.servlet.mvc.HttpRequestHandlerAdapter,org.springframework.web.servlet.mvc.SimpleControllerHandlerAdapter,mvcHandlerMappingIntrospector,validator,viewResolver,multipartResolver,sqlSessionFactory,mapperScannerConfigurer,datasource,org.springframework.transaction.config.internalTransactionalEventListenerFactory,org.springframework.aop.config.internalAutoProxyCreator,org.springframework.transaction.annotation.AnnotationTransactionAttributeSource#0,org.springframework.transaction.interceptor.TransactionInterceptor#0,org.springframework.transaction.config.internalTransactionAdvisor,transactionManager,mvcResourceUrlProvider,org.springframework.web.servlet.handler.MappedInterceptor#1,mvcPathMatcher,mvcUrlPathHelper,org.springframework.web.servlet.resource.ResourceHttpRequestHandler#0,org.springframework.web.servlet.handler.SimpleUrlHandlerMapping#0,service,customMapper,manufactureMapper,orderMapper,productMapper,taskMapper,workMapper,device_checkMapper,device_faultMapper,device_maintainMapper,device_typeMapper,deviceMapper,departmentMapper,employeeMapper,finalCountCheckMapper,finalMeasuretCheckMapper,processCountCheckMapper,processMeasureCheckMapper,unqualifyApplyMapper,processMapper,technologyMapper,technologyPlanMapper,technologyRequirementMapper]; root of factory hierarchy
17:41:19,842 DEBUG DefaultListableBeanFactory:566 - Retrieved dependent beans for bean &apos;validator&apos;: [(inner bean)#200a26bc, (inner bean)#200a26bc#1]
17:41:19,842 DEBUG DefaultListableBeanFactory:566 - Retrieved dependent beans for bean &apos;(inner bean)#200a26bc&apos;: [org.springframework.web.servlet.mvc.method.annotation.RequestMappingHandlerAdapter]
17:41:19,842 DEBUG DefaultListableBeanFactory:566 - Retrieved dependent beans for bean &apos;(inner bean)#7a34b7b8&apos;: [org.springframework.web.servlet.mvc.method.annotation.RequestMappingHandlerAdapter]
17:41:19,858 DEBUG DefaultListableBeanFactory:566 - Retrieved dependent beans for bean &apos;(inner bean)#3d829787&apos;: [(inner bean)#6b5f8707]
17:41:19,858 DEBUG DefaultListableBeanFactory:566 - Retrieved dependent beans for bean &apos;(inner bean)#200a26bc#1&apos;: [(inner bean)#37ff4054]
17:41:19,858 DEBUG DefaultListableBeanFactory:566 - Retrieved dependent beans for bean &apos;(inner bean)#37ff4054&apos;: [mvcUriComponentsContributor]
17:41:19,858 DEBUG DefaultListableBeanFactory:566 - Retrieved dependent beans for bean &apos;(inner bean)#7a34b7b8#1&apos;: [(inner bean)#37ff4054]
17:41:19,858 DEBUG DefaultListableBeanFactory:566 - Retrieved dependent beans for bean &apos;(inner bean)#3d829787#1&apos;: [(inner bean)#6b5f8707#1]
17:41:19,858 DEBUG DisposableBeanAdapter:246 - Invoking destroy() on bean with name &apos;validator&apos;
17:41:19,858 DEBUG DefaultListableBeanFactory:566 - Retrieved dependent beans for bean &apos;(inner bean)#1bb1fde8&apos;: [(inner bean)#3829ac1]
17:41:19,858 DEBUG DefaultListableBeanFactory:566 - Retrieved dependent beans for bean &apos;(inner bean)#3829ac1&apos;: [org.springframework.web.servlet.handler.MappedInterceptor#1]
17:41:19,858 DEBUG DefaultListableBeanFactory:566 - Retrieved dependent beans for bean &apos;sqlSessionFactory&apos;: [customMapper, manufactureMapper, orderMapper, productMapper, taskMapper, workMapper, device_checkMapper, device_faultMapper, deviceMapper, device_typeMapper, device_maintainMapper, departmentMapper, employeeMapper, finalCountCheckMapper, finalMeasuretCheckMapper, processCountCheckMapper, processMeasureCheckMapper, unqualifyApplyMapper, processMapper, technologyMapper, technologyPlanMapper, technologyRequirementMapper]
17:41:19,858 DEBUG DefaultListableBeanFactory:566 - Retrieved dependent beans for bean &apos;customMapper&apos;: [custom]
17:41:19,858 DEBUG DefaultListableBeanFactory:566 - Retrieved dependent beans for bean &apos;custom&apos;: [customController]
17:41:19,858 DEBUG DefaultListableBeanFactory:566 - Retrieved dependent beans for bean &apos;manufactureMapper&apos;: [manufactureServiceimp]
17:41:19,858 DEBUG DefaultListableBeanFactory:566 - Retrieved dependent beans for bean &apos;manufactureServiceimp&apos;: [manufactureController]
17:41:19,858 DEBUG DefaultListableBeanFactory:566 - Retrieved dependent beans for bean &apos;orderMapper&apos;: [orderServiceimp]
17:41:19,858 DEBUG DefaultListableBeanFactory:566 - Retrieved dependent beans for bean &apos;orderServiceimp&apos;: [orderController]
17:41:19,858 DEBUG DefaultListableBeanFactory:566 - Retrieved dependent beans for bean &apos;productMapper&apos;: [productServiceimp]
17:41:19,858 DEBUG DefaultListableBeanFactory:566 - Retrieved dependent beans for bean &apos;productServiceimp&apos;: [productController]
17:41:19,858 DEBUG DefaultListableBeanFactory:566 - Retrieved dependent beans for bean &apos;taskMapper&apos;: [taskServiceimp]
17:41:19,858 DEBUG DefaultListableBeanFactory:566 - Retrieved dependent beans for bean &apos;taskServiceimp&apos;: [taskController]
17:41:19,873 DEBUG DefaultListableBeanFactory:566 - Retrieved dependent beans for bean &apos;workMapper&apos;: [workServiceimp]
17:41:19,873 DEBUG DefaultListableBeanFactory:566 - Retrieved dependent beans for bean &apos;workServiceimp&apos;: [workController]
17:41:19,873 DEBUG DefaultListableBeanFactory:566 - Retrieved dependent beans for bean &apos;device_checkMapper&apos;: [deviceCheckServiceImpl]
17:41:19,873 DEBUG DefaultListableBeanFactory:566 - Retrieved dependent beans for bean &apos;deviceCheckServiceImpl&apos;: [deviceCheckController, deviceJsonController]
17:41:19,873 DEBUG DefaultListableBeanFactory:566 - Retrieved dependent beans for bean &apos;device_faultMapper&apos;: [deviceFaultServiceImpl]
17:41:19,873 DEBUG DefaultListableBeanFactory:566 - Retrieved dependent beans for bean &apos;deviceFaultServiceImpl&apos;: [deviceFaultController]
17:41:19,873 DEBUG DefaultListableBeanFactory:566 - Retrieved dependent beans for bean &apos;deviceMapper&apos;: [deviceListServiceImpl]
17:41:19,873 DEBUG DefaultListableBeanFactory:566 - Retrieved dependent beans for bean &apos;deviceListServiceImpl&apos;: [deviceListController]
17:41:19,873 DEBUG DefaultListableBeanFactory:566 - Retrieved dependent beans for bean &apos;device_typeMapper&apos;: [deviceTypeServiceImpl]
17:41:19,873 DEBUG DefaultListableBeanFactory:566 - Retrieved dependent beans for bean &apos;deviceTypeServiceImpl&apos;: [deviceTypeController]
17:41:19,873 DEBUG DefaultListableBeanFactory:566 - Retrieved dependent beans for bean &apos;device_maintainMapper&apos;: [deviceMaintainServiceImpl]
17:41:19,873 DEBUG DefaultListableBeanFactory:566 - Retrieved dependent beans for bean &apos;deviceMaintainServiceImpl&apos;: [deviceMaintainController]
17:41:19,873 DEBUG DefaultListableBeanFactory:566 - Retrieved dependent beans for bean &apos;departmentMapper&apos;: [departmentServiceimp, employeeController]
17:41:19,873 DEBUG DefaultListableBeanFactory:566 - Retrieved dependent beans for bean &apos;departmentServiceimp&apos;: [departmentController]
17:41:19,873 DEBUG DefaultListableBeanFactory:566 - Retrieved dependent beans for bean &apos;employeeMapper&apos;: [employeeServiceimp]
17:41:19,873 DEBUG DefaultListableBeanFactory:566 - Retrieved dependent beans for bean &apos;finalCountCheckMapper&apos;: [finalCountCheckServiceImpl]
17:41:19,873 DEBUG DefaultListableBeanFactory:566 - Retrieved dependent beans for bean &apos;finalCountCheckServiceImpl&apos;: [finalCountCheckController]
17:41:19,873 DEBUG DefaultListableBeanFactory:566 - Retrieved dependent beans for bean &apos;finalMeasuretCheckMapper&apos;: [finishmeasureServiceImpl]
17:41:19,873 DEBUG DefaultListableBeanFactory:566 - Retrieved dependent beans for bean &apos;finishmeasureServiceImpl&apos;: [finishmeasureController]
17:41:19,873 DEBUG DefaultListableBeanFactory:566 - Retrieved dependent beans for bean &apos;processCountCheckMapper&apos;: [processCountCheckServiceImpl]
17:41:19,873 DEBUG DefaultListableBeanFactory:566 - Retrieved dependent beans for bean &apos;processCountCheckServiceImpl&apos;: [processCountCheckController]
17:41:19,873 DEBUG DefaultListableBeanFactory:566 - Retrieved dependent beans for bean &apos;processMeasureCheckMapper&apos;: [processMeasureCheckServiceImpl]
17:41:19,873 DEBUG DefaultListableBeanFactory:566 - Retrieved dependent beans for bean &apos;processMeasureCheckServiceImpl&apos;: [processMeasureCheckController]
17:41:19,873 DEBUG DefaultListableBeanFactory:566 - Retrieved dependent beans for bean &apos;unqualifyApplyMapper&apos;: [unqualifyServiceImpl]
17:41:19,873 DEBUG DefaultListableBeanFactory:566 - Retrieved dependent beans for bean &apos;unqualifyServiceImpl&apos;: [unqualifyController]
17:41:19,873 DEBUG DefaultListableBeanFactory:566 - Retrieved dependent beans for bean &apos;processMapper&apos;: [processServiceImpl]
17:41:19,873 DEBUG DefaultListableBeanFactory:566 - Retrieved dependent beans for bean &apos;processServiceImpl&apos;: [processController]
17:41:19,873 DEBUG DefaultListableBeanFactory:566 - Retrieved dependent beans for bean &apos;technologyMapper&apos;: [technologyServiceImpl]
17:41:19,873 DEBUG DefaultListableBeanFactory:566 - Retrieved dependent beans for bean &apos;technologyServiceImpl&apos;: [technologyController]
17:41:19,873 DEBUG DefaultListableBeanFactory:566 - Retrieved dependent beans for bean &apos;technologyPlanMapper&apos;: [technologyPlanServiceImpl]
17:41:19,873 DEBUG DefaultListableBeanFactory:566 - Retrieved dependent beans for bean &apos;technologyPlanServiceImpl&apos;: [technologyPlanController]
17:41:19,873 DEBUG DefaultListableBeanFactory:566 - Retrieved dependent beans for bean &apos;technologyRequirementMapper&apos;: [technologyRequirementServiceImpl]
17:41:19,873 DEBUG DefaultListableBeanFactory:566 - Retrieved dependent beans for bean &apos;technologyRequirementServiceImpl&apos;: [technologyRequirementController]
17:41:19,873 DEBUG DefaultListableBeanFactory:566 - Retrieved dependent beans for bean &apos;datasource&apos;: [transactionManager]
17:41:19,873 DEBUG DisposableBeanAdapter:318 - Invoking destroy method &apos;close&apos; on bean with name &apos;datasource&apos;
17:41:19,889 ERROR TestContextManager:234 - Caught exception while allowing TestExecutionListener [org.springframework.test.context.support.DependencyInjectionTestExecutionListener@394e1a0f] to prepare test instance [com.cskaoyan.mytest.CustomTest@5faeada1]
java.lang.IllegalStateException: Failed to load ApplicationContext
	at org.springframework.test.context.cache.DefaultCacheAwareContextLoaderDelegate.loadContext(DefaultCacheAwareContextLoaderDelegate.java:124)
	at org.springframework.test.context.support.DefaultTestContext.getApplicationContext(DefaultTestContext.java:83)
	at org.springframework.test.context.support.DependencyInjectionTestExecutionListener.injectDependencies(DependencyInjectionTestExecutionListener.java:117)
	at org.springframework.test.context.support.DependencyInjectionTestExecutionListener.prepareTestInstance(DependencyInjectionTestExecutionListener.java:83)
	at org.springframework.test.context.TestContextManager.prepareTestInstance(TestContextManager.java:230)
	at org.springframework.test.context.junit4.SpringJUnit4ClassRunner.createTest(SpringJUnit4ClassRunner.java:228)
	at org.springframework.test.context.junit4.SpringJUnit4ClassRunner$1.runReflectiveCall(SpringJUnit4ClassRunner.java:287)
	at org.junit.internal.runners.model.ReflectiveCallable.run(ReflectiveCallable.java:12)
	at org.springframework.test.context.junit4.SpringJUnit4ClassRunner.methodBlock(SpringJUnit4ClassRunner.java:289)
	at org.springframework.test.context.junit4.SpringJUnit4ClassRunner.runChild(SpringJUnit4ClassRunner.java:247)
	at org.springframework.test.context.junit4.SpringJUnit4ClassRunner.runChild(SpringJUnit4ClassRunner.java:94)
	at org.junit.runners.ParentRunner$3.run(ParentRunner.java:290)
	at org.junit.runners.ParentRunner$1.schedule(ParentRunner.java:71)
	at org.junit.runners.ParentRunner.runChildren(ParentRunner.java:288)
	at org.junit.runners.ParentRunner.access$000(ParentRunner.java:58)
	at org.junit.runners.ParentRunner$2.evaluate(ParentRunner.java:268)
	at org.springframework.test.context.junit4.statements.RunBeforeTestClassCallbacks.evaluate(RunBeforeTestClassCallbacks.java:61)
	at org.springframework.test.context.junit4.statements.RunAfterTestClassCallbacks.evaluate(RunAfterTestClassCallbacks.java:70)
	at org.junit.runners.ParentRunner.run(ParentRunner.java:363)
	at org.springframework.test.context.junit4.SpringJUnit4ClassRunner.run(SpringJUnit4ClassRunner.java:191)
	at org.apache.maven.surefire.junit4.JUnit4Provider.execute(JUnit4Provider.java:252)
	at org.apache.maven.surefire.junit4.JUnit4Provider.executeTestSet(JUnit4Provider.java:141)
	at org.apache.maven.surefire.junit4.JUnit4Provider.invoke(JUnit4Provider.java:112)
	at sun.reflect.NativeMethodAccessorImpl.invoke0(Native Method)
	at sun.reflect.NativeMethodAccessorImpl.invoke(NativeMethodAccessorImpl.java:62)
	at sun.reflect.DelegatingMethodAccessorImpl.invoke(DelegatingMethodAccessorImpl.java:43)
	at java.lang.reflect.Method.invoke(Method.java:498)
	at org.apache.maven.surefire.util.ReflectionUtils.invokeMethodWithArray(ReflectionUtils.java:189)
	at org.apache.maven.surefire.booter.ProviderFactory$ProviderProxy.invoke(ProviderFactory.java:165)
	at org.apache.maven.surefire.booter.ProviderFactory.invokeProvider(ProviderFactory.java:85)
	at org.apache.maven.surefire.booter.ForkedBooter.runSuitesInProcess(ForkedBooter.java:115)
	at org.apache.maven.surefire.booter.ForkedBooter.main(ForkedBooter.java:75)
Caused by: org.springframework.beans.factory.BeanCreationException: Error creating bean with name &apos;org.springframework.web.servlet.resource.ResourceHttpRequestHandler#0&apos;: Invocation of init method failed; nested exception is java.lang.IllegalStateException: WebApplicationObjectSupport instance [ResourceHttpRequestHandler [locations=[class path resource [WEB-INF/]], resolvers=[org.springframework.web.servlet.resource.PathResourceResolver@ec50f54]]] does not run in a WebApplicationContext but in: org.springframework.context.support.GenericApplicationContext@26a7b76d: startup date [Mon Dec 10 17:41:14 CST 2018]; root of context hierarchy
	at org.springframework.beans.factory.support.AbstractAutowireCapableBeanFactory.initializeBean(AbstractAutowireCapableBeanFactory.java:1710)
	at org.springframework.beans.factory.support.AbstractAutowireCapableBeanFactory.doCreateBean(AbstractAutowireCapableBeanFactory.java:583)
	at org.springframework.beans.factory.support.AbstractAutowireCapableBeanFactory.createBean(AbstractAutowireCapableBeanFactory.java:502)
	at org.springframework.beans.factory.support.AbstractBeanFactory.lambda$doGetBean$0(AbstractBeanFactory.java:312)
	at org.springframework.beans.factory.support.DefaultSingletonBeanRegistry.getSingleton(DefaultSingletonBeanRegistry.java:228)
	at org.springframework.beans.factory.support.AbstractBeanFactory.doGetBean(AbstractBeanFactory.java:310)
	at org.springframework.beans.factory.support.AbstractBeanFactory.getBean(AbstractBeanFactory.java:200)
	at org.springframework.beans.factory.support.DefaultListableBeanFactory.preInstantiateSingletons(DefaultListableBeanFactory.java:760)
	at org.springframework.context.support.AbstractApplicationContext.finishBeanFactoryInitialization(AbstractApplicationContext.java:868)
	at org.springframework.context.support.AbstractApplicationContext.refresh(AbstractApplicationContext.java:549)
	at org.springframework.test.context.support.AbstractGenericContextLoader.loadContext(AbstractGenericContextLoader.java:128)
	at org.springframework.test.context.support.AbstractGenericContextLoader.loadContext(AbstractGenericContextLoader.java:60)
	at org.springframework.test.context.support.AbstractDelegatingSmartContextLoader.delegateLoading(AbstractDelegatingSmartContextLoader.java:108)
	at org.springframework.test.context.support.AbstractDelegatingSmartContextLoader.loadContext(AbstractDelegatingSmartContextLoader.java:251)
	at org.springframework.test.context.cache.DefaultCacheAwareContextLoaderDelegate.loadContextInternal(DefaultCacheAwareContextLoaderDelegate.java:98)
	at org.springframework.test.context.cache.DefaultCacheAwareContextLoaderDelegate.loadContext(DefaultCacheAwareContextLoaderDelegate.java:116)
	... 31 more
Caused by: java.lang.IllegalStateException: WebApplicationObjectSupport instance [ResourceHttpRequestHandler [locations=[class path resource [WEB-INF/]], resolvers=[org.springframework.web.servlet.resource.PathResourceResolver@ec50f54]]] does not run in a WebApplicationContext but in: org.springframework.context.support.GenericApplicationContext@26a7b76d: startup date [Mon Dec 10 17:41:14 CST 2018]; root of context hierarchy
	at org.springframework.web.context.support.WebApplicationObjectSupport.getWebApplicationContext(WebApplicationObjectSupport.java:114)
	at org.springframework.web.context.support.WebApplicationObjectSupport.getServletContext(WebApplicationObjectSupport.java:133)
	at org.springframework.web.servlet.resource.ResourceHttpRequestHandler.initContentNegotiationStrategy(ResourceHttpRequestHandler.java:416)
	at org.springframework.web.servlet.resource.ResourceHttpRequestHandler.afterPropertiesSet(ResourceHttpRequestHandler.java:334)
	at org.springframework.beans.factory.support.AbstractAutowireCapableBeanFactory.invokeInitMethods(AbstractAutowireCapableBeanFactory.java:1769)
	at org.springframework.beans.factory.support.AbstractAutowireCapableBeanFactory.initializeBean(AbstractAutowireCapableBeanFactory.java:1706)
	... 46 more
</system-out>
  </testcase>
</testsuite>